Build started 6/13/2025 7:02:02â€¯PM.
     1>Project "/workspace/src/Plugins/Umbraco.DocTypeBuilder.Tests/Umbraco.DocTypeBuilder.Tests.csproj" on node 1 (Restore target(s)).
     1>_GetAllRestoreProjectPathItems:
         Determining projects to restore...
       Restore:
         X.509 certificate chain validation will use the fallback certificate bundle at '/usr/lib/dotnet/sdk/9.0.107/trustedroots/codesignctl.pem'.
         X.509 certificate chain validation will use the fallback certificate bundle at '/usr/lib/dotnet/sdk/9.0.107/trustedroots/timestampctl.pem'.
         Assets file has not changed. Skipping assets file writing. Path: /workspace/src/Plugins/Umbraco.DocTypeBuilder.Tests/obj/project.assets.json
         Assets file has not changed. Skipping assets file writing. Path: /workspace/src/Plugins/Umbraco.DocTypeBuilder/obj/project.assets.json
         Restored /workspace/src/Plugins/Umbraco.DocTypeBuilder/Umbraco.DocTypeBuilder.csproj (in 26 ms).
         Restored /workspace/src/Plugins/Umbraco.DocTypeBuilder.Tests/Umbraco.DocTypeBuilder.Tests.csproj (in 26 ms).
         
         NuGet Config files used:
             /home/ubuntu/.nuget/NuGet/NuGet.Config
         
         Feeds used:
             https://api.nuget.org/v3/index.json
             /usr/lib/dotnet/library-packs
         All projects are up-to-date for restore.
     1>Done Building Project "/workspace/src/Plugins/Umbraco.DocTypeBuilder.Tests/Umbraco.DocTypeBuilder.Tests.csproj" (Restore target(s)).
   1:7>Project "/workspace/src/Plugins/Umbraco.DocTypeBuilder.Tests/Umbraco.DocTypeBuilder.Tests.csproj" on node 1 (VSTest target(s)).
     1>BuildProject:
         Build started, please wait...
   1:7>Project "/workspace/src/Plugins/Umbraco.DocTypeBuilder.Tests/Umbraco.DocTypeBuilder.Tests.csproj" (1:7) is building "/workspace/src/Plugins/Umbraco.DocTypeBuilder.Tests/Umbraco.DocTypeBuilder.Tests.csproj" (1:8) on node 1 (default targets).
   1:8>Project "/workspace/src/Plugins/Umbraco.DocTypeBuilder.Tests/Umbraco.DocTypeBuilder.Tests.csproj" (1:8) is building "/workspace/src/Plugins/Umbraco.DocTypeBuilder/Umbraco.DocTypeBuilder.csproj" (2:6) on node 1 (default targets).
     2>GenerateTargetFrameworkMonikerAttribute:
       Skipping target "GenerateTargetFrameworkMonikerAttribute" because all output files are up-to-date with respect to the input files.
       _GenerateSourceLinkFile:
         Updating Source Link file 'obj/Debug/net9.0/Umbraco.DocTypeBuilder.sourcelink.json'.
       CoreCompile:
         /usr/lib/dotnet/dotnet exec "/usr/lib/dotnet/sdk/9.0.107/Roslyn/bincore/csc.dll" /noconfig /unsafe- /checked- /nowarn:1701,1702,1701,1702 /fullpaths /nostdlib+ /errorreport:prompt /warn:9 /define:TRACE;DEBUG;NET;NET9_0;NETCOREAPP;NET5_0_OR_GREATER;NET6_0_OR_GREATER;NET7_0_OR_GREATER;NET8_0_OR_GREATER;NET9_0_OR_GREATER;NETCOREAPP1_0_OR_GREATER;NETCOREAPP1_1_OR_GREATER;NETCOREAPP2_0_OR_GREATER;NETCOREAPP2_1_OR_GREATER;NETCOREAPP2_2_OR_GREATER;NETCOREAPP3_0_OR_GREATER;NETCOREAPP3_1_OR_GREATER /highentropyva+ /nullable:enable /reference:/home/ubuntu/.nuget/packages/microsoft.aspnetcore.cryptography.internal/9.0.2/lib/net9.0/Microsoft.AspNetCore.Cryptography.Internal.dll /reference:/home/ubuntu/.nuget/packages/microsoft.aspnetcore.cryptography.keyderivation/9.0.2/lib/net9.0/Microsoft.AspNetCore.Cryptography.KeyDerivation.dll /reference:/usr/lib/dotnet/packs/Microsoft.NETCore.App.Ref/9.0.6/ref/net9.0/Microsoft.CSharp.dll /reference:/home/ubuntu/.nuget/packages/microsoft.extensions.caching.abstractions/9.0.2/lib/net9.0/Microsoft.Extensions.Caching.Abstractions.dll /reference:/home/ubuntu/.nuget/packages/microsoft.extensions.caching.memory/9.0.2/lib/net9.0/Microsoft.Extensions.Caching.Memory.dll /reference:/home/ubuntu/.nuget/packages/microsoft.extensions.configuration.abstractions/9.0.2/lib/net9.0/Microsoft.Extensions.Configuration.Abstractions.dll /reference:/home/ubuntu/.nuget/packages/microsoft.extensions.configuration.binder/9.0.2/lib/net9.0/Microsoft.Extensions.Configuration.Binder.dll /reference:/home/ubuntu/.nuget/packages/microsoft.extensions.dependencyinjection.abstractions/9.0.2/lib/net9.0/Microsoft.Extensions.DependencyInjection.Abstractions.dll /reference:/home/ubuntu/.nuget/packages/microsoft.extensions.dependencyinjection/9.0.2/lib/net9.0/Microsoft.Extensions.DependencyInjection.dll /reference:/home/ubuntu/.nuget/packages/microsoft.extensions.diagnostics.abstractions/9.0.2/lib/net9.0/Microsoft.Extensions.Diagnostics.Abstractions.dll /reference:/home/ubuntu/.nuget/packages/microsoft.extensions.fileproviders.abstractions/9.0.2/lib/net9.0/Microsoft.Extensions.FileProviders.Abstractions.dll /reference:/home/ubuntu/.nuget/packages/microsoft.extensions.fileproviders.embedded/9.0.2/lib/net9.0/Microsoft.Extensions.FileProviders.Embedded.dll /reference:/home/ubuntu/.nuget/packages/microsoft.extensions.fileproviders.physical/9.0.2/lib/net9.0/Microsoft.Extensions.FileProviders.Physical.dll /reference:/home/ubuntu/.nuget/packages/microsoft.extensions.filesystemglobbing/9.0.2/lib/net9.0/Microsoft.Extensions.FileSystemGlobbing.dll /reference:/home/ubuntu/.nuget/packages/microsoft.extensions.hosting.abstractions/9.0.2/lib/net9.0/Microsoft.Extensions.Hosting.Abstractions.dll /reference:/home/ubuntu/.nuget/packages/microsoft.extensions.identity.core/9.0.2/lib/net9.0/Microsoft.Extensions.Identity.Core.dll /reference:/home/ubuntu/.nuget/packages/microsoft.extensions.logging.abstractions/9.0.2/lib/net9.0/Microsoft.Extensions.Logging.Abstractions.dll /reference:/home/ubuntu/.nuget/packages/microsoft.extensions.logging/9.0.2/lib/net9.0/Microsoft.Extensions.Logging.dll /reference:/home/ubuntu/.nuget/packages/microsoft.extensions.options.configurationextensions/9.0.2/lib/net9.0/Microsoft.Extensions.Options.ConfigurationExtensions.dll /reference:/home/ubuntu/.nuget/packages/microsoft.extensions.options.dataannotations/9.0.2/lib/net9.0/Microsoft.Extensions.Options.DataAnnotations.dll /reference:/home/ubuntu/.nuget/packages/microsoft.extensions.options/9.0.2/lib/net9.0/Microsoft.Extensions.Options.dll /reference:/home/ubuntu/.nuget/packages/microsoft.extensions.primitives/9.0.2/lib/net9.0/Microsoft.Extensions.Primitives.dll /reference:/usr/lib/dotnet/packs/Microsoft.NETCore.App.Ref/9.0.6/ref/net9.0/Microsoft.VisualBasic.Core.dll /reference:/usr/lib/dotnet/packs/Microsoft.NETCore.App.Ref/9.0.6/ref/net9.0/Microsoft.VisualBasic.dll /reference:/usr/lib/dotnet/packs/Microsoft.NETCore.App.Ref/9.0.6/ref/net9.0/Microsoft.Win32.Primitives.dll /reference:/usr/lib/dotnet/packs/Microsoft.NETCore.App.Ref/9.0.6/ref/net9.0/Microsoft.Win32.Registry.dll /reference:/usr/lib/dotnet/packs/Microsoft.NETCore.App.Ref/9.0.6/ref/net9.0/mscorlib.dll /reference:/usr/lib/dotnet/packs/Microsoft.NETCore.App.Ref/9.0.6/ref/net9.0/netstandard.dll /reference:/usr/lib/dotnet/packs/Microsoft.NETCore.App.Ref/9.0.6/ref/net9.0/System.AppContext.dll /reference:/usr/lib/dotnet/packs/Microsoft.NETCore.App.Ref/9.0.6/ref/net9.0/System.Buffers.dll /reference:/usr/lib/dotnet/packs/Microsoft.NETCore.App.Ref/9.0.6/ref/net9.0/System.Collections.Concurrent.dll /reference:/usr/lib/dotnet/packs/Microsoft.NETCore.App.Ref/9.0.6/ref/net9.0/System.Collections.dll /reference:/usr/lib/dotnet/packs/Microsoft.NETCore.App.Ref/9.0.6/ref/net9.0/System.Collections.Immutable.dll /reference:/usr/lib/dotnet/packs/Microsoft.NETCore.App.Ref/9.0.6/ref/net9.0/System.Collections.NonGeneric.dll /reference:/usr/lib/dotnet/packs/Microsoft.NETCore.App.Ref/9.0.6/ref/net9.0/System.Collections.Specialized.dll /reference:/usr/lib/dotnet/packs/Microsoft.NETCore.App.Ref/9.0.6/ref/net9.0/System.ComponentModel.Annotations.dll /reference:/usr/lib/dotnet/packs/Microsoft.NETCore.App.Ref/9.0.6/ref/net9.0/System.ComponentModel.DataAnnotations.dll /reference:/usr/lib/dotnet/packs/Microsoft.NETCore.App.Ref/9.0.6/ref/net9.0/System.ComponentModel.dll /reference:/usr/lib/dotnet/packs/Microsoft.NETCore.App.Ref/9.0.6/ref/net9.0/System.ComponentModel.EventBasedAsync.dll /reference:/usr/lib/dotnet/packs/Microsoft.NETCore.App.Ref/9.0.6/ref/net9.0/System.ComponentModel.Primitives.dll /reference:/usr/lib/dotnet/packs/Microsoft.NETCore.App.Ref/9.0.6/ref/net9.0/System.ComponentModel.TypeConverter.dll /reference:/usr/lib/dotnet/packs/Microsoft.NETCore.App.Ref/9.0.6/ref/net9.0/System.Configuration.dll /reference:/usr/lib/dotnet/packs/Microsoft.NETCore.App.Ref/9.0.6/ref/net9.0/System.Console.dll /reference:/usr/lib/dotnet/packs/Microsoft.NETCore.App.Ref/9.0.6/ref/net9.0/System.Core.dll /reference:/usr/lib/dotnet/packs/Microsoft.NETCore.App.Ref/9.0.6/ref/net9.0/System.Data.Common.dll /reference:/usr/lib/dotnet/packs/Microsoft.NETCore.App.Ref/9.0.6/ref/net9.0/System.Data.DataSetExtensions.dll /reference:/usr/lib/dotnet/packs/Microsoft.NETCore.App.Ref/9.0.6/ref/net9.0/System.Data.dll /reference:/usr/lib/dotnet/packs/Microsoft.NETCore.App.Ref/9.0.6/ref/net9.0/System.Diagnostics.Contracts.dll /reference:/usr/lib/dotnet/packs/Microsoft.NETCore.App.Ref/9.0.6/ref/net9.0/System.Diagnostics.Debug.dll /reference:/usr/lib/dotnet/packs/Microsoft.NETCore.App.Ref/9.0.6/ref/net9.0/System.Diagnostics.DiagnosticSource.dll /reference:/usr/lib/dotnet/packs/Microsoft.NETCore.App.Ref/9.0.6/ref/net9.0/System.Diagnostics.FileVersionInfo.dll /reference:/usr/lib/dotnet/packs/Microsoft.NETCore.App.Ref/9.0.6/ref/net9.0/System.Diagnostics.Process.dll /reference:/usr/lib/dotnet/packs/Microsoft.NETCore.App.Ref/9.0.6/ref/net9.0/System.Diagnostics.StackTrace.dll /reference:/usr/lib/dotnet/packs/Microsoft.NETCore.App.Ref/9.0.6/ref/net9.0/System.Diagnostics.TextWriterTraceListener.dll /reference:/usr/lib/dotnet/packs/Microsoft.NETCore.App.Ref/9.0.6/ref/net9.0/System.Diagnostics.Tools.dll /reference:/usr/lib/dotnet/packs/Microsoft.NETCore.App.Ref/9.0.6/ref/net9.0/System.Diagnostics.TraceSource.dll /reference:/usr/lib/dotnet/packs/Microsoft.NETCore.App.Ref/9.0.6/ref/net9.0/System.Diagnostics.Tracing.dll /reference:/usr/lib/dotnet/packs/Microsoft.NETCore.App.Ref/9.0.6/ref/net9.0/System.dll /reference:/usr/lib/dotnet/packs/Microsoft.NETCore.App.Ref/9.0.6/ref/net9.0/System.Drawing.dll /reference:/usr/lib/dotnet/packs/Microsoft.NETCore.App.Ref/9.0.6/ref/net9.0/System.Drawing.Primitives.dll /reference:/usr/lib/dotnet/packs/Microsoft.NETCore.App.Ref/9.0.6/ref/net9.0/System.Dynamic.Runtime.dll /reference:/usr/lib/dotnet/packs/Microsoft.NETCore.App.Ref/9.0.6/ref/net9.0/System.Formats.Asn1.dll /reference:/usr/lib/dotnet/packs/Microsoft.NETCore.App.Ref/9.0.6/ref/net9.0/System.Formats.Tar.dll /reference:/usr/lib/dotnet/packs/Microsoft.NETCore.App.Ref/9.0.6/ref/net9.0/System.Globalization.Calendars.dll /reference:/usr/lib/dotnet/packs/Microsoft.NETCore.App.Ref/9.0.6/ref/net9.0/System.Globalization.dll /reference:/usr/lib/dotnet/packs/Microsoft.NETCore.App.Ref/9.0.6/ref/net9.0/System.Globalization.Extensions.dll /reference:/usr/lib/dotnet/packs/Microsoft.NETCore.App.Ref/9.0.6/ref/net9.0/System.IO.Compression.Brotli.dll /reference:/usr/lib/dotnet/packs/Microsoft.NETCore.App.Ref/9.0.6/ref/net9.0/System.IO.Compression.dll /reference:/usr/lib/dotnet/packs/Microsoft.NETCore.App.Ref/9.0.6/ref/net9.0/System.IO.Compression.FileSystem.dll /reference:/usr/lib/dotnet/packs/Microsoft.NETCore.App.Ref/9.0.6/ref/net9.0/System.IO.Compression.ZipFile.dll /reference:/usr/lib/dotnet/packs/Microsoft.NETCore.App.Ref/9.0.6/ref/net9.0/System.IO.dll /reference:/usr/lib/dotnet/packs/Microsoft.NETCore.App.Ref/9.0.6/ref/net9.0/System.IO.FileSystem.AccessControl.dll /reference:/usr/lib/dotnet/packs/Microsoft.NETCore.App.Ref/9.0.6/ref/net9.0/System.IO.FileSystem.dll /reference:/usr/lib/dotnet/packs/Microsoft.NETCore.App.Ref/9.0.6/ref/net9.0/System.IO.FileSystem.DriveInfo.dll /reference:/usr/lib/dotnet/packs/Microsoft.NETCore.App.Ref/9.0.6/ref/net9.0/System.IO.FileSystem.Primitives.dll /reference:/usr/lib/dotnet/packs/Microsoft.NETCore.App.Ref/9.0.6/ref/net9.0/System.IO.FileSystem.Watcher.dll /reference:/usr/lib/dotnet/packs/Microsoft.NETCore.App.Ref/9.0.6/ref/net9.0/System.IO.IsolatedStorage.dll /reference:/usr/lib/dotnet/packs/Microsoft.NETCore.App.Ref/9.0.6/ref/net9.0/System.IO.MemoryMappedFiles.dll /reference:/usr/lib/dotnet/packs/Microsoft.NETCore.App.Ref/9.0.6/ref/net9.0/System.IO.Pipelines.dll /reference:/usr/lib/dotnet/packs/Microsoft.NETCore.App.Ref/9.0.6/ref/net9.0/System.IO.Pipes.AccessControl.dll /reference:/usr/lib/dotnet/packs/Microsoft.NETCore.App.Ref/9.0.6/ref/net9.0/System.IO.Pipes.dll /reference:/usr/lib/dotnet/packs/Microsoft.NETCore.App.Ref/9.0.6/ref/net9.0/System.IO.UnmanagedMemoryStream.dll /reference:/usr/lib/dotnet/packs/Microsoft.NETCore.App.Ref/9.0.6/ref/net9.0/System.Linq.dll /reference:/usr/lib/dotnet/packs/Microsoft.NETCore.App.Ref/9.0.6/ref/net9.0/System.Linq.Expressions.dll /reference:/usr/lib/dotnet/packs/Microsoft.NETCore.App.Ref/9.0.6/ref/net9.0/System.Linq.Parallel.dll /reference:/usr/lib/dotnet/packs/Microsoft.NETCore.App.Ref/9.0.6/ref/net9.0/System.Linq.Queryable.dll /reference:/usr/lib/dotnet/packs/Microsoft.NETCore.App.Ref/9.0.6/ref/net9.0/System.Memory.dll /reference:/usr/lib/dotnet/packs/Microsoft.NETCore.App.Ref/9.0.6/ref/net9.0/System.Net.dll /reference:/usr/lib/dotnet/packs/Microsoft.NETCore.App.Ref/9.0.6/ref/net9.0/System.Net.Http.dll /reference:/usr/lib/dotnet/packs/Microsoft.NETCore.App.Ref/9.0.6/ref/net9.0/System.Net.Http.Json.dll /reference:/usr/lib/dotnet/packs/Microsoft.NETCore.App.Ref/9.0.6/ref/net9.0/System.Net.HttpListener.dll /reference:/usr/lib/dotnet/packs/Microsoft.NETCore.App.Ref/9.0.6/ref/net9.0/System.Net.Mail.dll /reference:/usr/lib/dotnet/packs/Microsoft.NETCore.App.Ref/9.0.6/ref/net9.0/System.Net.NameResolution.dll /reference:/usr/lib/dotnet/packs/Microsoft.NETCore.App.Ref/9.0.6/ref/net9.0/System.Net.NetworkInformation.dll /reference:/usr/lib/dotnet/packs/Microsoft.NETCore.App.Ref/9.0.6/ref/net9.0/System.Net.Ping.dll /reference:/usr/lib/dotnet/packs/Microsoft.NETCore.App.Ref/9.0.6/ref/net9.0/System.Net.Primitives.dll /reference:/usr/lib/dotnet/packs/Microsoft.NETCore.App.Ref/9.0.6/ref/net9.0/System.Net.Quic.dll /reference:/usr/lib/dotnet/packs/Microsoft.NETCore.App.Ref/9.0.6/ref/net9.0/System.Net.Requests.dll /reference:/usr/lib/dotnet/packs/Microsoft.NETCore.App.Ref/9.0.6/ref/net9.0/System.Net.Security.dll /reference:/usr/lib/dotnet/packs/Microsoft.NETCore.App.Ref/9.0.6/ref/net9.0/System.Net.ServicePoint.dll /reference:/usr/lib/dotnet/packs/Microsoft.NETCore.App.Ref/9.0.6/ref/net9.0/System.Net.Sockets.dll /reference:/usr/lib/dotnet/packs/Microsoft.NETCore.App.Ref/9.0.6/ref/net9.0/System.Net.WebClient.dll /reference:/usr/lib/dotnet/packs/Microsoft.NETCore.App.Ref/9.0.6/ref/net9.0/System.Net.WebHeaderCollection.dll /reference:/usr/lib/dotnet/packs/Microsoft.NETCore.App.Ref/9.0.6/ref/net9.0/System.Net.WebProxy.dll /reference:/usr/lib/dotnet/packs/Microsoft.NETCore.App.Ref/9.0.6/ref/net9.0/System.Net.WebSockets.Client.dll /reference:/usr/lib/dotnet/packs/Microsoft.NETCore.App.Ref/9.0.6/ref/net9.0/System.Net.WebSockets.dll /reference:/usr/lib/dotnet/packs/Microsoft.NETCore.App.Ref/9.0.6/ref/net9.0/System.Numerics.dll /reference:/usr/lib/dotnet/packs/Microsoft.NETCore.App.Ref/9.0.6/ref/net9.0/System.Numerics.Vectors.dll /reference:/usr/lib/dotnet/packs/Microsoft.NETCore.App.Ref/9.0.6/ref/net9.0/System.ObjectModel.dll /reference:/usr/lib/dotnet/packs/Microsoft.NETCore.App.Ref/9.0.6/ref/net9.0/System.Reflection.DispatchProxy.dll /reference:/usr/lib/dotnet/packs/Microsoft.NETCore.App.Ref/9.0.6/ref/net9.0/System.Reflection.dll /reference:/usr/lib/dotnet/packs/Microsoft.NETCore.App.Ref/9.0.6/ref/net9.0/System.Reflection.Emit.dll /reference:/usr/lib/dotnet/packs/Microsoft.NETCore.App.Ref/9.0.6/ref/net9.0/System.Reflection.Emit.ILGeneration.dll /reference:/usr/lib/dotnet/packs/Microsoft.NETCore.App.Ref/9.0.6/ref/net9.0/System.Reflection.Emit.Lightweight.dll /reference:/usr/lib/dotnet/packs/Microsoft.NETCore.App.Ref/9.0.6/ref/net9.0/System.Reflection.Extensions.dll /reference:/usr/lib/dotnet/packs/Microsoft.NETCore.App.Ref/9.0.6/ref/net9.0/System.Reflection.Metadata.dll /reference:/usr/lib/dotnet/packs/Microsoft.NETCore.App.Ref/9.0.6/ref/net9.0/System.Reflection.Primitives.dll /reference:/usr/lib/dotnet/packs/Microsoft.NETCore.App.Ref/9.0.6/ref/net9.0/System.Reflection.TypeExtensions.dll /reference:/usr/lib/dotnet/packs/Microsoft.NETCore.App.Ref/9.0.6/ref/net9.0/System.Resources.Reader.dll /reference:/usr/lib/dotnet/packs/Microsoft.NETCore.App.Ref/9.0.6/ref/net9.0/System.Resources.ResourceManager.dll /reference:/usr/lib/dotnet/packs/Microsoft.NETCore.App.Ref/9.0.6/ref/net9.0/System.Resources.Writer.dll /reference:/usr/lib/dotnet/packs/Microsoft.NETCore.App.Ref/9.0.6/ref/net9.0/System.Runtime.CompilerServices.Unsafe.dll /reference:/usr/lib/dotnet/packs/Microsoft.NETCore.App.Ref/9.0.6/ref/net9.0/System.Runtime.CompilerServices.VisualC.dll /reference:/usr/lib/dotnet/packs/Microsoft.NETCore.App.Ref/9.0.6/ref/net9.0/System.Runtime.dll /reference:/usr/lib/dotnet/packs/Microsoft.NETCore.App.Ref/9.0.6/ref/net9.0/System.Runtime.Extensions.dll /reference:/usr/lib/dotnet/packs/Microsoft.NETCore.App.Ref/9.0.6/ref/net9.0/System.Runtime.Handles.dll /reference:/usr/lib/dotnet/packs/Microsoft.NETCore.App.Ref/9.0.6/ref/net9.0/System.Runtime.InteropServices.dll /reference:/usr/lib/dotnet/packs/Microsoft.NETCore.App.Ref/9.0.6/ref/net9.0/System.Runtime.InteropServices.JavaScript.dll /reference:/usr/lib/dotnet/packs/Microsoft.NETCore.App.Ref/9.0.6/ref/net9.0/System.Runtime.InteropServices.RuntimeInformation.dll /reference:/usr/lib/dotnet/packs/Microsoft.NETCore.App.Ref/9.0.6/ref/net9.0/System.Runtime.Intrinsics.dll /reference:/usr/lib/dotnet/packs/Microsoft.NETCore.App.Ref/9.0.6/ref/net9.0/System.Runtime.Loader.dll /reference:/usr/lib/dotnet/packs/Microsoft.NETCore.App.Ref/9.0.6/ref/net9.0/System.Runtime.Numerics.dll /reference:/usr/lib/dotnet/packs/Microsoft.NETCore.App.Ref/9.0.6/ref/net9.0/System.Runtime.Serialization.dll /reference:/usr/lib/dotnet/packs/Microsoft.NETCore.App.Ref/9.0.6/ref/net9.0/System.Runtime.Serialization.Formatters.dll /reference:/usr/lib/dotnet/packs/Microsoft.NETCore.App.Ref/9.0.6/ref/net9.0/System.Runtime.Serialization.Json.dll /reference:/usr/lib/dotnet/packs/Microsoft.NETCore.App.Ref/9.0.6/ref/net9.0/System.Runtime.Serialization.Primitives.dll /reference:/usr/lib/dotnet/packs/Microsoft.NETCore.App.Ref/9.0.6/ref/net9.0/System.Runtime.Serialization.Xml.dll /reference:/usr/lib/dotnet/packs/Microsoft.NETCore.App.Ref/9.0.6/ref/net9.0/System.Security.AccessControl.dll /reference:/usr/lib/dotnet/packs/Microsoft.NETCore.App.Ref/9.0.6/ref/net9.0/System.Security.Claims.dll /reference:/usr/lib/dotnet/packs/Microsoft.NETCore.App.Ref/9.0.6/ref/net9.0/System.Security.Cryptography.Algorithms.dll /reference:/usr/lib/dotnet/packs/Microsoft.NETCore.App.Ref/9.0.6/ref/net9.0/System.Security.Cryptography.Cng.dll /reference:/usr/lib/dotnet/packs/Microsoft.NETCore.App.Ref/9.0.6/ref/net9.0/System.Security.Cryptography.Csp.dll /reference:/usr/lib/dotnet/packs/Microsoft.NETCore.App.Ref/9.0.6/ref/net9.0/System.Security.Cryptography.dll /reference:/usr/lib/dotnet/packs/Microsoft.NETCore.App.Ref/9.0.6/ref/net9.0/System.Security.Cryptography.Encoding.dll /reference:/usr/lib/dotnet/packs/Microsoft.NETCore.App.Ref/9.0.6/ref/net9.0/System.Security.Cryptography.OpenSsl.dll /reference:/usr/lib/dotnet/packs/Microsoft.NETCore.App.Ref/9.0.6/ref/net9.0/System.Security.Cryptography.Primitives.dll /reference:/usr/lib/dotnet/packs/Microsoft.NETCore.App.Ref/9.0.6/ref/net9.0/System.Security.Cryptography.X509Certificates.dll /reference:/usr/lib/dotnet/packs/Microsoft.NETCore.App.Ref/9.0.6/ref/net9.0/System.Security.dll /reference:/usr/lib/dotnet/packs/Microsoft.NETCore.App.Ref/9.0.6/ref/net9.0/System.Security.Principal.dll /reference:/usr/lib/dotnet/packs/Microsoft.NETCore.App.Ref/9.0.6/ref/net9.0/System.Security.Principal.Windows.dll /reference:/usr/lib/dotnet/packs/Microsoft.NETCore.App.Ref/9.0.6/ref/net9.0/System.Security.SecureString.dll /reference:/usr/lib/dotnet/packs/Microsoft.NETCore.App.Ref/9.0.6/ref/net9.0/System.ServiceModel.Web.dll /reference:/usr/lib/dotnet/packs/Microsoft.NETCore.App.Ref/9.0.6/ref/net9.0/System.ServiceProcess.dll /reference:/usr/lib/dotnet/packs/Microsoft.NETCore.App.Ref/9.0.6/ref/net9.0/System.Text.Encoding.CodePages.dll /reference:/usr/lib/dotnet/packs/Microsoft.NETCore.App.Ref/9.0.6/ref/net9.0/System.Text.Encoding.dll /reference:/usr/lib/dotnet/packs/Microsoft.NETCore.App.Ref/9.0.6/ref/net9.0/System.Text.Encoding.Extensions.dll /reference:/usr/lib/dotnet/packs/Microsoft.NETCore.App.Ref/9.0.6/ref/net9.0/System.Text.Encodings.Web.dll /reference:/usr/lib/dotnet/packs/Microsoft.NETCore.App.Ref/9.0.6/ref/net9.0/System.Text.Json.dll /reference:/usr/lib/dotnet/packs/Microsoft.NETCore.App.Ref/9.0.6/ref/net9.0/System.Text.RegularExpressions.dll /reference:/usr/lib/dotnet/packs/Microsoft.NETCore.App.Ref/9.0.6/ref/net9.0/System.Threading.Channels.dll /reference:/usr/lib/dotnet/packs/Microsoft.NETCore.App.Ref/9.0.6/ref/net9.0/System.Threading.dll /reference:/usr/lib/dotnet/packs/Microsoft.NETCore.App.Ref/9.0.6/ref/net9.0/System.Threading.Overlapped.dll /reference:/usr/lib/dotnet/packs/Microsoft.NETCore.App.Ref/9.0.6/ref/net9.0/System.Threading.Tasks.Dataflow.dll /reference:/usr/lib/dotnet/packs/Microsoft.NETCore.App.Ref/9.0.6/ref/net9.0/System.Threading.Tasks.dll /reference:/usr/lib/dotnet/packs/Microsoft.NETCore.App.Ref/9.0.6/ref/net9.0/System.Threading.Tasks.Extensions.dll /reference:/usr/lib/dotnet/packs/Microsoft.NETCore.App.Ref/9.0.6/ref/net9.0/System.Threading.Tasks.Parallel.dll /reference:/usr/lib/dotnet/packs/Microsoft.NETCore.App.Ref/9.0.6/ref/net9.0/System.Threading.Thread.dll /reference:/usr/lib/dotnet/packs/Microsoft.NETCore.App.Ref/9.0.6/ref/net9.0/System.Threading.ThreadPool.dll /reference:/usr/lib/dotnet/packs/Microsoft.NETCore.App.Ref/9.0.6/ref/net9.0/System.Threading.Timer.dll /reference:/usr/lib/dotnet/packs/Microsoft.NETCore.App.Ref/9.0.6/ref/net9.0/System.Transactions.dll /reference:/usr/lib/dotnet/packs/Microsoft.NETCore.App.Ref/9.0.6/ref/net9.0/System.Transactions.Local.dll /reference:/usr/lib/dotnet/packs/Microsoft.NETCore.App.Ref/9.0.6/ref/net9.0/System.ValueTuple.dll /reference:/usr/lib/dotnet/packs/Microsoft.NETCore.App.Ref/9.0.6/ref/net9.0/System.Web.dll /reference:/usr/lib/dotnet/packs/Microsoft.NETCore.App.Ref/9.0.6/ref/net9.0/System.Web.HttpUtility.dll /reference:/usr/lib/dotnet/packs/Microsoft.NETCore.App.Ref/9.0.6/ref/net9.0/System.Windows.dll /reference:/usr/lib/dotnet/packs/Microsoft.NETCore.App.Ref/9.0.6/ref/net9.0/System.Xml.dll /reference:/usr/lib/dotnet/packs/Microsoft.NETCore.App.Ref/9.0.6/ref/net9.0/System.Xml.Linq.dll /reference:/usr/lib/dotnet/packs/Microsoft.NETCore.App.Ref/9.0.6/ref/net9.0/System.Xml.ReaderWriter.dll /reference:/usr/lib/dotnet/packs/Microsoft.NETCore.App.Ref/9.0.6/ref/net9.0/System.Xml.Serialization.dll /reference:/usr/lib/dotnet/packs/Microsoft.NETCore.App.Ref/9.0.6/ref/net9.0/System.Xml.XDocument.dll /reference:/usr/lib/dotnet/packs/Microsoft.NETCore.App.Ref/9.0.6/ref/net9.0/System.Xml.XmlDocument.dll /reference:/usr/lib/dotnet/packs/Microsoft.NETCore.App.Ref/9.0.6/ref/net9.0/System.Xml.XmlSerializer.dll /reference:/usr/lib/dotnet/packs/Microsoft.NETCore.App.Ref/9.0.6/ref/net9.0/System.Xml.XPath.dll /reference:/usr/lib/dotnet/packs/Microsoft.NETCore.App.Ref/9.0.6/ref/net9.0/System.Xml.XPath.XDocument.dll /reference:/home/ubuntu/.nuget/packages/umbraco.cms.core/15.4.3/lib/net9.0/Umbraco.Core.dll /reference:/usr/lib/dotnet/packs/Microsoft.NETCore.App.Ref/9.0.6/ref/net9.0/WindowsBase.dll /debug+ /debug:portable /filealign:512 /optimize- /out:obj/Debug/net9.0/Umbraco.DocTypeBuilder.dll /refout:obj/Debug/net9.0/refint/Umbraco.DocTypeBuilder.dll /target:library /warnaserror- /utf8output /deterministic+ /sourcelink:obj/Debug/net9.0/Umbraco.DocTypeBuilder.sourcelink.json /langversion:13.0 /embed:obj/Debug/net9.0/Umbraco.DocTypeBuilder.GlobalUsings.g.cs /embed:"obj/Debug/net9.0/.NETCoreApp,Version=v9.0.AssemblyAttributes.cs" /embed:obj/Debug/net9.0/Umbraco.DocTypeBuilder.AssemblyInfo.cs /analyzerconfig:obj/Debug/net9.0/Umbraco.DocTypeBuilder.GeneratedMSBuildEditorConfig.editorconfig /analyzerconfig:/usr/lib/dotnet/sdk/9.0.107/Sdks/Microsoft.NET.Sdk/analyzers/build/config/analysislevel_9_default.globalconfig /analyzer:/usr/lib/dotnet/sdk/9.0.107/Sdks/Microsoft.NET.Sdk/targets/../analyzers/Microsoft.CodeAnalysis.CSharp.NetAnalyzers.dll /analyzer:/usr/lib/dotnet/sdk/9.0.107/Sdks/Microsoft.NET.Sdk/targets/../analyzers/Microsoft.CodeAnalysis.NetAnalyzers.dll /analyzer:/home/ubuntu/.nuget/packages/microsoft.extensions.logging.abstractions/9.0.2/analyzers/dotnet/roslyn4.4/cs/Microsoft.Extensions.Logging.Generators.dll /analyzer:/home/ubuntu/.nuget/packages/microsoft.extensions.options/9.0.2/analyzers/dotnet/roslyn4.4/cs/Microsoft.Extensions.Options.SourceGeneration.dll /analyzer:/usr/lib/dotnet/packs/Microsoft.NETCore.App.Ref/9.0.6/analyzers/dotnet/cs/Microsoft.Interop.ComInterfaceGenerator.dll /analyzer:/usr/lib/dotnet/packs/Microsoft.NETCore.App.Ref/9.0.6/analyzers/dotnet/cs/Microsoft.Interop.JavaScript.JSImportGenerator.dll /analyzer:/usr/lib/dotnet/packs/Microsoft.NETCore.App.Ref/9.0.6/analyzers/dotnet/cs/Microsoft.Interop.LibraryImportGenerator.dll /analyzer:/usr/lib/dotnet/packs/Microsoft.NETCore.App.Ref/9.0.6/analyzers/dotnet/cs/Microsoft.Interop.SourceGeneration.dll /analyzer:/usr/lib/dotnet/packs/Microsoft.NETCore.App.Ref/9.0.6/analyzers/dotnet/cs/System.Text.Json.SourceGeneration.dll /analyzer:/usr/lib/dotnet/packs/Microsoft.NETCore.App.Ref/9.0.6/analyzers/dotnet/cs/System.Text.RegularExpressions.Generator.dll DocumentTypeBuilder.cs PropertyBuilder.cs TabBuilder.cs TemplateBuilder.cs obj/Debug/net9.0/Umbraco.DocTypeBuilder.GlobalUsings.g.cs "obj/Debug/net9.0/.NETCoreApp,Version=v9.0.AssemblyAttributes.cs" obj/Debug/net9.0/Umbraco.DocTypeBuilder.AssemblyInfo.cs /warnaserror+:NU1605,SYSLIB0011
         CompilerServer: server - server processed compilation - Umbraco.DocTypeBuilder (net9.0)
       GenerateBuildDependencyFile:
       Skipping target "GenerateBuildDependencyFile" because all output files are up-to-date with respect to the input files.
       CopyFilesToOutputDirectory:
         Copying file from "/workspace/src/Plugins/Umbraco.DocTypeBuilder/obj/Debug/net9.0/Umbraco.DocTypeBuilder.dll" to "/workspace/src/Plugins/Umbraco.DocTypeBuilder/bin/Debug/net9.0/Umbraco.DocTypeBuilder.dll".
         Copying reference assembly from "obj/Debug/net9.0/refint/Umbraco.DocTypeBuilder.dll" to "/workspace/src/Plugins/Umbraco.DocTypeBuilder/obj/Debug/net9.0/ref/Umbraco.DocTypeBuilder.dll".
         Umbraco.DocTypeBuilder -> /workspace/src/Plugins/Umbraco.DocTypeBuilder/bin/Debug/net9.0/Umbraco.DocTypeBuilder.dll
         Copying file from "/workspace/src/Plugins/Umbraco.DocTypeBuilder/obj/Debug/net9.0/Umbraco.DocTypeBuilder.pdb" to "/workspace/src/Plugins/Umbraco.DocTypeBuilder/bin/Debug/net9.0/Umbraco.DocTypeBuilder.pdb".
     2>Done Building Project "/workspace/src/Plugins/Umbraco.DocTypeBuilder/Umbraco.DocTypeBuilder.csproj" (default targets).
     1>GenerateTargetFrameworkMonikerAttribute:
       Skipping target "GenerateTargetFrameworkMonikerAttribute" because all output files are up-to-date with respect to the input files.
       _GenerateSourceLinkFile:
         Updating Source Link file 'obj/Debug/net9.0/Umbraco.DocTypeBuilder.Tests.sourcelink.json'.
       CoreCompile:
         /usr/lib/dotnet/dotnet exec "/usr/lib/dotnet/sdk/9.0.107/Roslyn/bincore/csc.dll" /noconfig /unsafe- /checked- /nowarn:1701,1702,1701,1702 /fullpaths /nostdlib+ /errorreport:prompt /warn:9 /define:TRACE;DEBUG;NET;NET9_0;NETCOREAPP;NET5_0_OR_GREATER;NET6_0_OR_GREATER;NET7_0_OR_GREATER;NET8_0_OR_GREATER;NET9_0_OR_GREATER;NETCOREAPP1_0_OR_GREATER;NETCOREAPP1_1_OR_GREATER;NETCOREAPP2_0_OR_GREATER;NETCOREAPP2_1_OR_GREATER;NETCOREAPP2_2_OR_GREATER;NETCOREAPP3_0_OR_GREATER;NETCOREAPP3_1_OR_GREATER /highentropyva+ /nullable:enable /reference:/home/ubuntu/.nuget/packages/castle.core/5.1.1/lib/net6.0/Castle.Core.dll /reference:/home/ubuntu/.nuget/packages/fluentassertions/6.12.0/lib/net6.0/FluentAssertions.dll /reference:/home/ubuntu/.nuget/packages/microsoft.aspnetcore.cryptography.internal/9.0.2/lib/net9.0/Microsoft.AspNetCore.Cryptography.Internal.dll /reference:/home/ubuntu/.nuget/packages/microsoft.aspnetcore.cryptography.keyderivation/9.0.2/lib/net9.0/Microsoft.AspNetCore.Cryptography.KeyDerivation.dll /reference:/usr/lib/dotnet/packs/Microsoft.NETCore.App.Ref/9.0.6/ref/net9.0/Microsoft.CSharp.dll /reference:/home/ubuntu/.nuget/packages/microsoft.extensions.caching.abstractions/9.0.2/lib/net9.0/Microsoft.Extensions.Caching.Abstractions.dll /reference:/home/ubuntu/.nuget/packages/microsoft.extensions.caching.memory/9.0.2/lib/net9.0/Microsoft.Extensions.Caching.Memory.dll /reference:/home/ubuntu/.nuget/packages/microsoft.extensions.configuration.abstractions/9.0.2/lib/net9.0/Microsoft.Extensions.Configuration.Abstractions.dll /reference:/home/ubuntu/.nuget/packages/microsoft.extensions.configuration.binder/9.0.2/lib/net9.0/Microsoft.Extensions.Configuration.Binder.dll /reference:/home/ubuntu/.nuget/packages/microsoft.extensions.dependencyinjection.abstractions/9.0.2/lib/net9.0/Microsoft.Extensions.DependencyInjection.Abstractions.dll /reference:/home/ubuntu/.nuget/packages/microsoft.extensions.dependencyinjection/9.0.2/lib/net9.0/Microsoft.Extensions.DependencyInjection.dll /reference:/home/ubuntu/.nuget/packages/microsoft.extensions.diagnostics.abstractions/9.0.2/lib/net9.0/Microsoft.Extensions.Diagnostics.Abstractions.dll /reference:/home/ubuntu/.nuget/packages/microsoft.extensions.fileproviders.abstractions/9.0.2/lib/net9.0/Microsoft.Extensions.FileProviders.Abstractions.dll /reference:/home/ubuntu/.nuget/packages/microsoft.extensions.fileproviders.embedded/9.0.2/lib/net9.0/Microsoft.Extensions.FileProviders.Embedded.dll /reference:/home/ubuntu/.nuget/packages/microsoft.extensions.fileproviders.physical/9.0.2/lib/net9.0/Microsoft.Extensions.FileProviders.Physical.dll /reference:/home/ubuntu/.nuget/packages/microsoft.extensions.filesystemglobbing/9.0.2/lib/net9.0/Microsoft.Extensions.FileSystemGlobbing.dll /reference:/home/ubuntu/.nuget/packages/microsoft.extensions.hosting.abstractions/9.0.2/lib/net9.0/Microsoft.Extensions.Hosting.Abstractions.dll /reference:/home/ubuntu/.nuget/packages/microsoft.extensions.identity.core/9.0.2/lib/net9.0/Microsoft.Extensions.Identity.Core.dll /reference:/home/ubuntu/.nuget/packages/microsoft.extensions.logging.abstractions/9.0.2/lib/net9.0/Microsoft.Extensions.Logging.Abstractions.dll /reference:/home/ubuntu/.nuget/packages/microsoft.extensions.logging/9.0.2/lib/net9.0/Microsoft.Extensions.Logging.dll /reference:/home/ubuntu/.nuget/packages/microsoft.extensions.options.configurationextensions/9.0.2/lib/net9.0/Microsoft.Extensions.Options.ConfigurationExtensions.dll /reference:/home/ubuntu/.nuget/packages/microsoft.extensions.options.dataannotations/9.0.2/lib/net9.0/Microsoft.Extensions.Options.DataAnnotations.dll /reference:/home/ubuntu/.nuget/packages/microsoft.extensions.options/9.0.2/lib/net9.0/Microsoft.Extensions.Options.dll /reference:/home/ubuntu/.nuget/packages/microsoft.extensions.primitives/9.0.2/lib/net9.0/Microsoft.Extensions.Primitives.dll /reference:/home/ubuntu/.nuget/packages/microsoft.testplatform.testhost/17.8.0/lib/netcoreapp3.1/Microsoft.TestPlatform.CommunicationUtilities.dll /reference:/home/ubuntu/.nuget/packages/microsoft.testplatform.testhost/17.8.0/lib/netcoreapp3.1/Microsoft.TestPlatform.CoreUtilities.dll /reference:/home/ubuntu/.nuget/packages/microsoft.testplatform.testhost/17.8.0/lib/netcoreapp3.1/Microsoft.TestPlatform.CrossPlatEngine.dll /reference:/home/ubuntu/.nuget/packages/microsoft.testplatform.testhost/17.8.0/lib/netcoreapp3.1/Microsoft.TestPlatform.PlatformAbstractions.dll /reference:/home/ubuntu/.nuget/packages/microsoft.testplatform.testhost/17.8.0/lib/netcoreapp3.1/Microsoft.TestPlatform.Utilities.dll /reference:/usr/lib/dotnet/packs/Microsoft.NETCore.App.Ref/9.0.6/ref/net9.0/Microsoft.VisualBasic.Core.dll /reference:/usr/lib/dotnet/packs/Microsoft.NETCore.App.Ref/9.0.6/ref/net9.0/Microsoft.VisualBasic.dll /reference:/home/ubuntu/.nuget/packages/microsoft.codecoverage/17.8.0/lib/netcoreapp3.1/Microsoft.VisualStudio.CodeCoverage.Shim.dll /reference:/home/ubuntu/.nuget/packages/microsoft.testplatform.testhost/17.8.0/lib/netcoreapp3.1/Microsoft.VisualStudio.TestPlatform.Common.dll /reference:/home/ubuntu/.nuget/packages/microsoft.testplatform.testhost/17.8.0/lib/netcoreapp3.1/Microsoft.VisualStudio.TestPlatform.ObjectModel.dll /reference:/usr/lib/dotnet/packs/Microsoft.NETCore.App.Ref/9.0.6/ref/net9.0/Microsoft.Win32.Primitives.dll /reference:/usr/lib/dotnet/packs/Microsoft.NETCore.App.Ref/9.0.6/ref/net9.0/Microsoft.Win32.Registry.dll /reference:/home/ubuntu/.nuget/packages/moq/4.20.70/lib/net6.0/Moq.dll /reference:/usr/lib/dotnet/packs/Microsoft.NETCore.App.Ref/9.0.6/ref/net9.0/mscorlib.dll /reference:/usr/lib/dotnet/packs/Microsoft.NETCore.App.Ref/9.0.6/ref/net9.0/netstandard.dll /reference:/home/ubuntu/.nuget/packages/newtonsoft.json/13.0.1/lib/netstandard2.0/Newtonsoft.Json.dll /reference:/home/ubuntu/.nuget/packages/nuget.frameworks/6.5.0/lib/netstandard2.0/NuGet.Frameworks.dll /reference:/usr/lib/dotnet/packs/Microsoft.NETCore.App.Ref/9.0.6/ref/net9.0/System.AppContext.dll /reference:/usr/lib/dotnet/packs/Microsoft.NETCore.App.Ref/9.0.6/ref/net9.0/System.Buffers.dll /reference:/usr/lib/dotnet/packs/Microsoft.NETCore.App.Ref/9.0.6/ref/net9.0/System.Collections.Concurrent.dll /reference:/usr/lib/dotnet/packs/Microsoft.NETCore.App.Ref/9.0.6/ref/net9.0/System.Collections.dll /reference:/usr/lib/dotnet/packs/Microsoft.NETCore.App.Ref/9.0.6/ref/net9.0/System.Collections.Immutable.dll /reference:/usr/lib/dotnet/packs/Microsoft.NETCore.App.Ref/9.0.6/ref/net9.0/System.Collections.NonGeneric.dll /reference:/usr/lib/dotnet/packs/Microsoft.NETCore.App.Ref/9.0.6/ref/net9.0/System.Collections.Specialized.dll /reference:/usr/lib/dotnet/packs/Microsoft.NETCore.App.Ref/9.0.6/ref/net9.0/System.ComponentModel.Annotations.dll /reference:/usr/lib/dotnet/packs/Microsoft.NETCore.App.Ref/9.0.6/ref/net9.0/System.ComponentModel.DataAnnotations.dll /reference:/usr/lib/dotnet/packs/Microsoft.NETCore.App.Ref/9.0.6/ref/net9.0/System.ComponentModel.dll /reference:/usr/lib/dotnet/packs/Microsoft.NETCore.App.Ref/9.0.6/ref/net9.0/System.ComponentModel.EventBasedAsync.dll /reference:/usr/lib/dotnet/packs/Microsoft.NETCore.App.Ref/9.0.6/ref/net9.0/System.ComponentModel.Primitives.dll /reference:/usr/lib/dotnet/packs/Microsoft.NETCore.App.Ref/9.0.6/ref/net9.0/System.ComponentModel.TypeConverter.dll /reference:/home/ubuntu/.nuget/packages/system.configuration.configurationmanager/4.4.0/ref/netstandard2.0/System.Configuration.ConfigurationManager.dll /reference:/usr/lib/dotnet/packs/Microsoft.NETCore.App.Ref/9.0.6/ref/net9.0/System.Configuration.dll /reference:/usr/lib/dotnet/packs/Microsoft.NETCore.App.Ref/9.0.6/ref/net9.0/System.Console.dll /reference:/usr/lib/dotnet/packs/Microsoft.NETCore.App.Ref/9.0.6/ref/net9.0/System.Core.dll /reference:/usr/lib/dotnet/packs/Microsoft.NETCore.App.Ref/9.0.6/ref/net9.0/System.Data.Common.dll /reference:/usr/lib/dotnet/packs/Microsoft.NETCore.App.Ref/9.0.6/ref/net9.0/System.Data.DataSetExtensions.dll /reference:/usr/lib/dotnet/packs/Microsoft.NETCore.App.Ref/9.0.6/ref/net9.0/System.Data.dll /reference:/usr/lib/dotnet/packs/Microsoft.NETCore.App.Ref/9.0.6/ref/net9.0/System.Diagnostics.Contracts.dll /reference:/usr/lib/dotnet/packs/Microsoft.NETCore.App.Ref/9.0.6/ref/net9.0/System.Diagnostics.Debug.dll /reference:/usr/lib/dotnet/packs/Microsoft.NETCore.App.Ref/9.0.6/ref/net9.0/System.Diagnostics.DiagnosticSource.dll /reference:/home/ubuntu/.nuget/packages/system.diagnostics.eventlog/6.0.0/lib/net6.0/System.Diagnostics.EventLog.dll /reference:/usr/lib/dotnet/packs/Microsoft.NETCore.App.Ref/9.0.6/ref/net9.0/System.Diagnostics.FileVersionInfo.dll /reference:/usr/lib/dotnet/packs/Microsoft.NETCore.App.Ref/9.0.6/ref/net9.0/System.Diagnostics.Process.dll /reference:/usr/lib/dotnet/packs/Microsoft.NETCore.App.Ref/9.0.6/ref/net9.0/System.Diagnostics.StackTrace.dll /reference:/usr/lib/dotnet/packs/Microsoft.NETCore.App.Ref/9.0.6/ref/net9.0/System.Diagnostics.TextWriterTraceListener.dll /reference:/usr/lib/dotnet/packs/Microsoft.NETCore.App.Ref/9.0.6/ref/net9.0/System.Diagnostics.Tools.dll /reference:/usr/lib/dotnet/packs/Microsoft.NETCore.App.Ref/9.0.6/ref/net9.0/System.Diagnostics.TraceSource.dll /reference:/usr/lib/dotnet/packs/Microsoft.NETCore.App.Ref/9.0.6/ref/net9.0/System.Diagnostics.Tracing.dll /reference:/usr/lib/dotnet/packs/Microsoft.NETCore.App.Ref/9.0.6/ref/net9.0/System.dll /reference:/usr/lib/dotnet/packs/Microsoft.NETCore.App.Ref/9.0.6/ref/net9.0/System.Drawing.dll /reference:/usr/lib/dotnet/packs/Microsoft.NETCore.App.Ref/9.0.6/ref/net9.0/System.Drawing.Primitives.dll /reference:/usr/lib/dotnet/packs/Microsoft.NETCore.App.Ref/9.0.6/ref/net9.0/System.Dynamic.Runtime.dll /reference:/usr/lib/dotnet/packs/Microsoft.NETCore.App.Ref/9.0.6/ref/net9.0/System.Formats.Asn1.dll /reference:/usr/lib/dotnet/packs/Microsoft.NETCore.App.Ref/9.0.6/ref/net9.0/System.Formats.Tar.dll /reference:/usr/lib/dotnet/packs/Microsoft.NETCore.App.Ref/9.0.6/ref/net9.0/System.Globalization.Calendars.dll /reference:/usr/lib/dotnet/packs/Microsoft.NETCore.App.Ref/9.0.6/ref/net9.0/System.Globalization.dll /reference:/usr/lib/dotnet/packs/Microsoft.NETCore.App.Ref/9.0.6/ref/net9.0/System.Globalization.Extensions.dll /reference:/usr/lib/dotnet/packs/Microsoft.NETCore.App.Ref/9.0.6/ref/net9.0/System.IO.Compression.Brotli.dll /reference:/usr/lib/dotnet/packs/Microsoft.NETCore.App.Ref/9.0.6/ref/net9.0/System.IO.Compression.dll /reference:/usr/lib/dotnet/packs/Microsoft.NETCore.App.Ref/9.0.6/ref/net9.0/System.IO.Compression.FileSystem.dll /reference:/usr/lib/dotnet/packs/Microsoft.NETCore.App.Ref/9.0.6/ref/net9.0/System.IO.Compression.ZipFile.dll /reference:/usr/lib/dotnet/packs/Microsoft.NETCore.App.Ref/9.0.6/ref/net9.0/System.IO.dll /reference:/usr/lib/dotnet/packs/Microsoft.NETCore.App.Ref/9.0.6/ref/net9.0/System.IO.FileSystem.AccessControl.dll /reference:/usr/lib/dotnet/packs/Microsoft.NETCore.App.Ref/9.0.6/ref/net9.0/System.IO.FileSystem.dll /reference:/usr/lib/dotnet/packs/Microsoft.NETCore.App.Ref/9.0.6/ref/net9.0/System.IO.FileSystem.DriveInfo.dll /reference:/usr/lib/dotnet/packs/Microsoft.NETCore.App.Ref/9.0.6/ref/net9.0/System.IO.FileSystem.Primitives.dll /reference:/usr/lib/dotnet/packs/Microsoft.NETCore.App.Ref/9.0.6/ref/net9.0/System.IO.FileSystem.Watcher.dll /reference:/usr/lib/dotnet/packs/Microsoft.NETCore.App.Ref/9.0.6/ref/net9.0/System.IO.IsolatedStorage.dll /reference:/usr/lib/dotnet/packs/Microsoft.NETCore.App.Ref/9.0.6/ref/net9.0/System.IO.MemoryMappedFiles.dll /reference:/usr/lib/dotnet/packs/Microsoft.NETCore.App.Ref/9.0.6/ref/net9.0/System.IO.Pipelines.dll /reference:/usr/lib/dotnet/packs/Microsoft.NETCore.App.Ref/9.0.6/ref/net9.0/System.IO.Pipes.AccessControl.dll /reference:/usr/lib/dotnet/packs/Microsoft.NETCore.App.Ref/9.0.6/ref/net9.0/System.IO.Pipes.dll /reference:/usr/lib/dotnet/packs/Microsoft.NETCore.App.Ref/9.0.6/ref/net9.0/System.IO.UnmanagedMemoryStream.dll /reference:/usr/lib/dotnet/packs/Microsoft.NETCore.App.Ref/9.0.6/ref/net9.0/System.Linq.dll /reference:/usr/lib/dotnet/packs/Microsoft.NETCore.App.Ref/9.0.6/ref/net9.0/System.Linq.Expressions.dll /reference:/usr/lib/dotnet/packs/Microsoft.NETCore.App.Ref/9.0.6/ref/net9.0/System.Linq.Parallel.dll /reference:/usr/lib/dotnet/packs/Microsoft.NETCore.App.Ref/9.0.6/ref/net9.0/System.Linq.Queryable.dll /reference:/usr/lib/dotnet/packs/Microsoft.NETCore.App.Ref/9.0.6/ref/net9.0/System.Memory.dll /reference:/usr/lib/dotnet/packs/Microsoft.NETCore.App.Ref/9.0.6/ref/net9.0/System.Net.dll /reference:/usr/lib/dotnet/packs/Microsoft.NETCore.App.Ref/9.0.6/ref/net9.0/System.Net.Http.dll /reference:/usr/lib/dotnet/packs/Microsoft.NETCore.App.Ref/9.0.6/ref/net9.0/System.Net.Http.Json.dll /reference:/usr/lib/dotnet/packs/Microsoft.NETCore.App.Ref/9.0.6/ref/net9.0/System.Net.HttpListener.dll /reference:/usr/lib/dotnet/packs/Microsoft.NETCore.App.Ref/9.0.6/ref/net9.0/System.Net.Mail.dll /reference:/usr/lib/dotnet/packs/Microsoft.NETCore.App.Ref/9.0.6/ref/net9.0/System.Net.NameResolution.dll /reference:/usr/lib/dotnet/packs/Microsoft.NETCore.App.Ref/9.0.6/ref/net9.0/System.Net.NetworkInformation.dll /reference:/usr/lib/dotnet/packs/Microsoft.NETCore.App.Ref/9.0.6/ref/net9.0/System.Net.Ping.dll /reference:/usr/lib/dotnet/packs/Microsoft.NETCore.App.Ref/9.0.6/ref/net9.0/System.Net.Primitives.dll /reference:/usr/lib/dotnet/packs/Microsoft.NETCore.App.Ref/9.0.6/ref/net9.0/System.Net.Quic.dll /reference:/usr/lib/dotnet/packs/Microsoft.NETCore.App.Ref/9.0.6/ref/net9.0/System.Net.Requests.dll /reference:/usr/lib/dotnet/packs/Microsoft.NETCore.App.Ref/9.0.6/ref/net9.0/System.Net.Security.dll /reference:/usr/lib/dotnet/packs/Microsoft.NETCore.App.Ref/9.0.6/ref/net9.0/System.Net.ServicePoint.dll /reference:/usr/lib/dotnet/packs/Microsoft.NETCore.App.Ref/9.0.6/ref/net9.0/System.Net.Sockets.dll /reference:/usr/lib/dotnet/packs/Microsoft.NETCore.App.Ref/9.0.6/ref/net9.0/System.Net.WebClient.dll /reference:/usr/lib/dotnet/packs/Microsoft.NETCore.App.Ref/9.0.6/ref/net9.0/System.Net.WebHeaderCollection.dll /reference:/usr/lib/dotnet/packs/Microsoft.NETCore.App.Ref/9.0.6/ref/net9.0/System.Net.WebProxy.dll /reference:/usr/lib/dotnet/packs/Microsoft.NETCore.App.Ref/9.0.6/ref/net9.0/System.Net.WebSockets.Client.dll /reference:/usr/lib/dotnet/packs/Microsoft.NETCore.App.Ref/9.0.6/ref/net9.0/System.Net.WebSockets.dll /reference:/usr/lib/dotnet/packs/Microsoft.NETCore.App.Ref/9.0.6/ref/net9.0/System.Numerics.dll /reference:/usr/lib/dotnet/packs/Microsoft.NETCore.App.Ref/9.0.6/ref/net9.0/System.Numerics.Vectors.dll /reference:/usr/lib/dotnet/packs/Microsoft.NETCore.App.Ref/9.0.6/ref/net9.0/System.ObjectModel.dll /reference:/usr/lib/dotnet/packs/Microsoft.NETCore.App.Ref/9.0.6/ref/net9.0/System.Reflection.DispatchProxy.dll /reference:/usr/lib/dotnet/packs/Microsoft.NETCore.App.Ref/9.0.6/ref/net9.0/System.Reflection.dll /reference:/usr/lib/dotnet/packs/Microsoft.NETCore.App.Ref/9.0.6/ref/net9.0/System.Reflection.Emit.dll /reference:/usr/lib/dotnet/packs/Microsoft.NETCore.App.Ref/9.0.6/ref/net9.0/System.Reflection.Emit.ILGeneration.dll /reference:/usr/lib/dotnet/packs/Microsoft.NETCore.App.Ref/9.0.6/ref/net9.0/System.Reflection.Emit.Lightweight.dll /reference:/usr/lib/dotnet/packs/Microsoft.NETCore.App.Ref/9.0.6/ref/net9.0/System.Reflection.Extensions.dll /reference:/usr/lib/dotnet/packs/Microsoft.NETCore.App.Ref/9.0.6/ref/net9.0/System.Reflection.Metadata.dll /reference:/usr/lib/dotnet/packs/Microsoft.NETCore.App.Ref/9.0.6/ref/net9.0/System.Reflection.Primitives.dll /reference:/usr/lib/dotnet/packs/Microsoft.NETCore.App.Ref/9.0.6/ref/net9.0/System.Reflection.TypeExtensions.dll /reference:/usr/lib/dotnet/packs/Microsoft.NETCore.App.Ref/9.0.6/ref/net9.0/System.Resources.Reader.dll /reference:/usr/lib/dotnet/packs/Microsoft.NETCore.App.Ref/9.0.6/ref/net9.0/System.Resources.ResourceManager.dll /reference:/usr/lib/dotnet/packs/Microsoft.NETCore.App.Ref/9.0.6/ref/net9.0/System.Resources.Writer.dll /reference:/usr/lib/dotnet/packs/Microsoft.NETCore.App.Ref/9.0.6/ref/net9.0/System.Runtime.CompilerServices.Unsafe.dll /reference:/usr/lib/dotnet/packs/Microsoft.NETCore.App.Ref/9.0.6/ref/net9.0/System.Runtime.CompilerServices.VisualC.dll /reference:/usr/lib/dotnet/packs/Microsoft.NETCore.App.Ref/9.0.6/ref/net9.0/System.Runtime.dll /reference:/usr/lib/dotnet/packs/Microsoft.NETCore.App.Ref/9.0.6/ref/net9.0/System.Runtime.Extensions.dll /reference:/usr/lib/dotnet/packs/Microsoft.NETCore.App.Ref/9.0.6/ref/net9.0/System.Runtime.Handles.dll /reference:/usr/lib/dotnet/packs/Microsoft.NETCore.App.Ref/9.0.6/ref/net9.0/System.Runtime.InteropServices.dll /reference:/usr/lib/dotnet/packs/Microsoft.NETCore.App.Ref/9.0.6/ref/net9.0/System.Runtime.InteropServices.JavaScript.dll /reference:/usr/lib/dotnet/packs/Microsoft.NETCore.App.Ref/9.0.6/ref/net9.0/System.Runtime.InteropServices.RuntimeInformation.dll /reference:/usr/lib/dotnet/packs/Microsoft.NETCore.App.Ref/9.0.6/ref/net9.0/System.Runtime.Intrinsics.dll /reference:/usr/lib/dotnet/packs/Microsoft.NETCore.App.Ref/9.0.6/ref/net9.0/System.Runtime.Loader.dll /reference:/usr/lib/dotnet/packs/Microsoft.NETCore.App.Ref/9.0.6/ref/net9.0/System.Runtime.Numerics.dll /reference:/usr/lib/dotnet/packs/Microsoft.NETCore.App.Ref/9.0.6/ref/net9.0/System.Runtime.Serialization.dll /reference:/usr/lib/dotnet/packs/Microsoft.NETCore.App.Ref/9.0.6/ref/net9.0/System.Runtime.Serialization.Formatters.dll /reference:/usr/lib/dotnet/packs/Microsoft.NETCore.App.Ref/9.0.6/ref/net9.0/System.Runtime.Serialization.Json.dll /reference:/usr/lib/dotnet/packs/Microsoft.NETCore.App.Ref/9.0.6/ref/net9.0/System.Runtime.Serialization.Primitives.dll /reference:/usr/lib/dotnet/packs/Microsoft.NETCore.App.Ref/9.0.6/ref/net9.0/System.Runtime.Serialization.Xml.dll /reference:/usr/lib/dotnet/packs/Microsoft.NETCore.App.Ref/9.0.6/ref/net9.0/System.Security.AccessControl.dll /reference:/usr/lib/dotnet/packs/Microsoft.NETCore.App.Ref/9.0.6/ref/net9.0/System.Security.Claims.dll /reference:/usr/lib/dotnet/packs/Microsoft.NETCore.App.Ref/9.0.6/ref/net9.0/System.Security.Cryptography.Algorithms.dll /reference:/usr/lib/dotnet/packs/Microsoft.NETCore.App.Ref/9.0.6/ref/net9.0/System.Security.Cryptography.Cng.dll /reference:/usr/lib/dotnet/packs/Microsoft.NETCore.App.Ref/9.0.6/ref/net9.0/System.Security.Cryptography.Csp.dll /reference:/usr/lib/dotnet/packs/Microsoft.NETCore.App.Ref/9.0.6/ref/net9.0/System.Security.Cryptography.dll /reference:/usr/lib/dotnet/packs/Microsoft.NETCore.App.Ref/9.0.6/ref/net9.0/System.Security.Cryptography.Encoding.dll /reference:/usr/lib/dotnet/packs/Microsoft.NETCore.App.Ref/9.0.6/ref/net9.0/System.Security.Cryptography.OpenSsl.dll /reference:/usr/lib/dotnet/packs/Microsoft.NETCore.App.Ref/9.0.6/ref/net9.0/System.Security.Cryptography.Primitives.dll /reference:/usr/lib/dotnet/packs/Microsoft.NETCore.App.Ref/9.0.6/ref/net9.0/System.Security.Cryptography.X509Certificates.dll /reference:/usr/lib/dotnet/packs/Microsoft.NETCore.App.Ref/9.0.6/ref/net9.0/System.Security.dll /reference:/usr/lib/dotnet/packs/Microsoft.NETCore.App.Ref/9.0.6/ref/net9.0/System.Security.Principal.dll /reference:/usr/lib/dotnet/packs/Microsoft.NETCore.App.Ref/9.0.6/ref/net9.0/System.Security.Principal.Windows.dll /reference:/usr/lib/dotnet/packs/Microsoft.NETCore.App.Ref/9.0.6/ref/net9.0/System.Security.SecureString.dll /reference:/usr/lib/dotnet/packs/Microsoft.NETCore.App.Ref/9.0.6/ref/net9.0/System.ServiceModel.Web.dll /reference:/usr/lib/dotnet/packs/Microsoft.NETCore.App.Ref/9.0.6/ref/net9.0/System.ServiceProcess.dll /reference:/usr/lib/dotnet/packs/Microsoft.NETCore.App.Ref/9.0.6/ref/net9.0/System.Text.Encoding.CodePages.dll /reference:/usr/lib/dotnet/packs/Microsoft.NETCore.App.Ref/9.0.6/ref/net9.0/System.Text.Encoding.dll /reference:/usr/lib/dotnet/packs/Microsoft.NETCore.App.Ref/9.0.6/ref/net9.0/System.Text.Encoding.Extensions.dll /reference:/usr/lib/dotnet/packs/Microsoft.NETCore.App.Ref/9.0.6/ref/net9.0/System.Text.Encodings.Web.dll /reference:/usr/lib/dotnet/packs/Microsoft.NETCore.App.Ref/9.0.6/ref/net9.0/System.Text.Json.dll /reference:/usr/lib/dotnet/packs/Microsoft.NETCore.App.Ref/9.0.6/ref/net9.0/System.Text.RegularExpressions.dll /reference:/usr/lib/dotnet/packs/Microsoft.NETCore.App.Ref/9.0.6/ref/net9.0/System.Threading.Channels.dll /reference:/usr/lib/dotnet/packs/Microsoft.NETCore.App.Ref/9.0.6/ref/net9.0/System.Threading.dll /reference:/usr/lib/dotnet/packs/Microsoft.NETCore.App.Ref/9.0.6/ref/net9.0/System.Threading.Overlapped.dll /reference:/usr/lib/dotnet/packs/Microsoft.NETCore.App.Ref/9.0.6/ref/net9.0/System.Threading.Tasks.Dataflow.dll /reference:/usr/lib/dotnet/packs/Microsoft.NETCore.App.Ref/9.0.6/ref/net9.0/System.Threading.Tasks.dll /reference:/usr/lib/dotnet/packs/Microsoft.NETCore.App.Ref/9.0.6/ref/net9.0/System.Threading.Tasks.Extensions.dll /reference:/usr/lib/dotnet/packs/Microsoft.NETCore.App.Ref/9.0.6/ref/net9.0/System.Threading.Tasks.Parallel.dll /reference:/usr/lib/dotnet/packs/Microsoft.NETCore.App.Ref/9.0.6/ref/net9.0/System.Threading.Thread.dll /reference:/usr/lib/dotnet/packs/Microsoft.NETCore.App.Ref/9.0.6/ref/net9.0/System.Threading.ThreadPool.dll /reference:/usr/lib/dotnet/packs/Microsoft.NETCore.App.Ref/9.0.6/ref/net9.0/System.Threading.Timer.dll /reference:/usr/lib/dotnet/packs/Microsoft.NETCore.App.Ref/9.0.6/ref/net9.0/System.Transactions.dll /reference:/usr/lib/dotnet/packs/Microsoft.NETCore.App.Ref/9.0.6/ref/net9.0/System.Transactions.Local.dll /reference:/usr/lib/dotnet/packs/Microsoft.NETCore.App.Ref/9.0.6/ref/net9.0/System.ValueTuple.dll /reference:/usr/lib/dotnet/packs/Microsoft.NETCore.App.Ref/9.0.6/ref/net9.0/System.Web.dll /reference:/usr/lib/dotnet/packs/Microsoft.NETCore.App.Ref/9.0.6/ref/net9.0/System.Web.HttpUtility.dll /reference:/usr/lib/dotnet/packs/Microsoft.NETCore.App.Ref/9.0.6/ref/net9.0/System.Windows.dll /reference:/usr/lib/dotnet/packs/Microsoft.NETCore.App.Ref/9.0.6/ref/net9.0/System.Xml.dll /reference:/usr/lib/dotnet/packs/Microsoft.NETCore.App.Ref/9.0.6/ref/net9.0/System.Xml.Linq.dll /reference:/usr/lib/dotnet/packs/Microsoft.NETCore.App.Ref/9.0.6/ref/net9.0/System.Xml.ReaderWriter.dll /reference:/usr/lib/dotnet/packs/Microsoft.NETCore.App.Ref/9.0.6/ref/net9.0/System.Xml.Serialization.dll /reference:/usr/lib/dotnet/packs/Microsoft.NETCore.App.Ref/9.0.6/ref/net9.0/System.Xml.XDocument.dll /reference:/usr/lib/dotnet/packs/Microsoft.NETCore.App.Ref/9.0.6/ref/net9.0/System.Xml.XmlDocument.dll /reference:/usr/lib/dotnet/packs/Microsoft.NETCore.App.Ref/9.0.6/ref/net9.0/System.Xml.XmlSerializer.dll /reference:/usr/lib/dotnet/packs/Microsoft.NETCore.App.Ref/9.0.6/ref/net9.0/System.Xml.XPath.dll /reference:/usr/lib/dotnet/packs/Microsoft.NETCore.App.Ref/9.0.6/ref/net9.0/System.Xml.XPath.XDocument.dll /reference:/home/ubuntu/.nuget/packages/microsoft.testplatform.testhost/17.8.0/lib/netcoreapp3.1/testhost.dll /reference:/home/ubuntu/.nuget/packages/umbraco.cms.core/15.4.3/lib/net9.0/Umbraco.Core.dll /reference:/workspace/src/Plugins/Umbraco.DocTypeBuilder/obj/Debug/net9.0/ref/Umbraco.DocTypeBuilder.dll /reference:/usr/lib/dotnet/packs/Microsoft.NETCore.App.Ref/9.0.6/ref/net9.0/WindowsBase.dll /reference:/home/ubuntu/.nuget/packages/xunit.abstractions/2.0.3/lib/netstandard2.0/xunit.abstractions.dll /reference:/home/ubuntu/.nuget/packages/xunit.assert/2.4.2/lib/netstandard1.1/xunit.assert.dll /reference:/home/ubuntu/.nuget/packages/xunit.extensibility.core/2.4.2/lib/netstandard1.1/xunit.core.dll /reference:/home/ubuntu/.nuget/packages/xunit.extensibility.execution/2.4.2/lib/netstandard1.1/xunit.execution.dotnet.dll /debug+ /debug:portable /filealign:512 /optimize- /out:obj/Debug/net9.0/Umbraco.DocTypeBuilder.Tests.dll /refout:obj/Debug/net9.0/refint/Umbraco.DocTypeBuilder.Tests.dll /target:exe /warnaserror- /utf8output /deterministic+ /sourcelink:obj/Debug/net9.0/Umbraco.DocTypeBuilder.Tests.sourcelink.json /langversion:13.0 /embed:/home/ubuntu/.nuget/packages/microsoft.net.test.sdk/17.8.0/build/netcoreapp3.1/Microsoft.NET.Test.Sdk.Program.cs /embed:obj/Debug/net9.0/Umbraco.DocTypeBuilder.Tests.GlobalUsings.g.cs /embed:"obj/Debug/net9.0/.NETCoreApp,Version=v9.0.AssemblyAttributes.cs" /embed:obj/Debug/net9.0/Umbraco.DocTypeBuilder.Tests.AssemblyInfo.cs /analyzerconfig:obj/Debug/net9.0/Umbraco.DocTypeBuilder.Tests.GeneratedMSBuildEditorConfig.editorconfig /analyzerconfig:/usr/lib/dotnet/sdk/9.0.107/Sdks/Microsoft.NET.Sdk/analyzers/build/config/analysislevel_9_default.globalconfig /analyzer:/usr/lib/dotnet/sdk/9.0.107/Sdks/Microsoft.NET.Sdk/targets/../analyzers/Microsoft.CodeAnalysis.CSharp.NetAnalyzers.dll /analyzer:/usr/lib/dotnet/sdk/9.0.107/Sdks/Microsoft.NET.Sdk/targets/../analyzers/Microsoft.CodeAnalysis.NetAnalyzers.dll /analyzer:/home/ubuntu/.nuget/packages/microsoft.extensions.logging.abstractions/9.0.2/analyzers/dotnet/roslyn4.4/cs/Microsoft.Extensions.Logging.Generators.dll /analyzer:/home/ubuntu/.nuget/packages/microsoft.extensions.options/9.0.2/analyzers/dotnet/roslyn4.4/cs/Microsoft.Extensions.Options.SourceGeneration.dll /analyzer:/home/ubuntu/.nuget/packages/xunit.analyzers/1.0.0/analyzers/dotnet/cs/xunit.analyzers.dll /analyzer:/home/ubuntu/.nuget/packages/xunit.analyzers/1.0.0/analyzers/dotnet/cs/xunit.analyzers.fixes.dll /analyzer:/usr/lib/dotnet/packs/Microsoft.NETCore.App.Ref/9.0.6/analyzers/dotnet/cs/Microsoft.Interop.ComInterfaceGenerator.dll /analyzer:/usr/lib/dotnet/packs/Microsoft.NETCore.App.Ref/9.0.6/analyzers/dotnet/cs/Microsoft.Interop.JavaScript.JSImportGenerator.dll /analyzer:/usr/lib/dotnet/packs/Microsoft.NETCore.App.Ref/9.0.6/analyzers/dotnet/cs/Microsoft.Interop.LibraryImportGenerator.dll /analyzer:/usr/lib/dotnet/packs/Microsoft.NETCore.App.Ref/9.0.6/analyzers/dotnet/cs/Microsoft.Interop.SourceGeneration.dll /analyzer:/usr/lib/dotnet/packs/Microsoft.NETCore.App.Ref/9.0.6/analyzers/dotnet/cs/System.Text.Json.SourceGeneration.dll /analyzer:/usr/lib/dotnet/packs/Microsoft.NETCore.App.Ref/9.0.6/analyzers/dotnet/cs/System.Text.RegularExpressions.Generator.dll DocumentTypeBuilderTests.cs IntegrationTests.cs PropertyBuilderTests.cs TabBuilderTests.cs TemplateBuilderTests.cs /home/ubuntu/.nuget/packages/microsoft.net.test.sdk/17.8.0/build/netcoreapp3.1/Microsoft.NET.Test.Sdk.Program.cs obj/Debug/net9.0/Umbraco.DocTypeBuilder.Tests.GlobalUsings.g.cs "obj/Debug/net9.0/.NETCoreApp,Version=v9.0.AssemblyAttributes.cs" obj/Debug/net9.0/Umbraco.DocTypeBuilder.Tests.AssemblyInfo.cs /warnaserror+:NU1605,SYSLIB0011
         CompilerServer: server - server processed compilation - Umbraco.DocTypeBuilder.Tests (net9.0)
       _CopyFilesMarkedCopyLocal:
         Copying file from "/workspace/src/Plugins/Umbraco.DocTypeBuilder/bin/Debug/net9.0/Umbraco.DocTypeBuilder.dll" to "/workspace/src/Plugins/Umbraco.DocTypeBuilder.Tests/bin/Debug/net9.0/Umbraco.DocTypeBuilder.dll".
         Copying file from "/workspace/src/Plugins/Umbraco.DocTypeBuilder/bin/Debug/net9.0/Umbraco.DocTypeBuilder.pdb" to "/workspace/src/Plugins/Umbraco.DocTypeBuilder.Tests/bin/Debug/net9.0/Umbraco.DocTypeBuilder.pdb".
         Touching "/workspace/src/Plugins/Umbraco.DocTypeBuilder.Tests/obj/Debug/net9.0/Umbraco..3FE9E4BD.Up2Date".
       _CopyOutOfDateSourceItemsToOutputDirectory:
       Skipping target "_CopyOutOfDateSourceItemsToOutputDirectory" because all output files are up-to-date with respect to the input files.
       GenerateBuildDependencyFile:
       Skipping target "GenerateBuildDependencyFile" because all output files are up-to-date with respect to the input files.
       GenerateBuildRuntimeConfigurationFiles:
       Skipping target "GenerateBuildRuntimeConfigurationFiles" because all output files are up-to-date with respect to the input files.
       CopyFilesToOutputDirectory:
         Copying file from "/workspace/src/Plugins/Umbraco.DocTypeBuilder.Tests/obj/Debug/net9.0/Umbraco.DocTypeBuilder.Tests.dll" to "/workspace/src/Plugins/Umbraco.DocTypeBuilder.Tests/bin/Debug/net9.0/Umbraco.DocTypeBuilder.Tests.dll".
         Copying reference assembly from "obj/Debug/net9.0/refint/Umbraco.DocTypeBuilder.Tests.dll" to "/workspace/src/Plugins/Umbraco.DocTypeBuilder.Tests/obj/Debug/net9.0/ref/Umbraco.DocTypeBuilder.Tests.dll".
         Umbraco.DocTypeBuilder.Tests -> /workspace/src/Plugins/Umbraco.DocTypeBuilder.Tests/bin/Debug/net9.0/Umbraco.DocTypeBuilder.Tests.dll
         Copying file from "/workspace/src/Plugins/Umbraco.DocTypeBuilder.Tests/obj/Debug/net9.0/Umbraco.DocTypeBuilder.Tests.pdb" to "/workspace/src/Plugins/Umbraco.DocTypeBuilder.Tests/bin/Debug/net9.0/Umbraco.DocTypeBuilder.Tests.pdb".
     1>Done Building Project "/workspace/src/Plugins/Umbraco.DocTypeBuilder.Tests/Umbraco.DocTypeBuilder.Tests.csproj" (default targets).
     1>BuildProject:
         Build completed.
         
Test run for /workspace/src/Plugins/Umbraco.DocTypeBuilder.Tests/bin/Debug/net9.0/Umbraco.DocTypeBuilder.Tests.dll (.NETCoreApp,Version=v9.0)
VSTest version 17.12.0 (x64)

Starting test execution, please wait...
A total of 1 test files matched the specified pattern.
[xUnit.net 00:00:00.00] xUnit.net VSTest Adapter v2.4.5+1caef2f33e (64-bit .NET 9.0.6)
[xUnit.net 00:00:00.34]   Discovering: Umbraco.DocTypeBuilder.Tests
[xUnit.net 00:00:00.38]   Discovered:  Umbraco.DocTypeBuilder.Tests
[xUnit.net 00:00:00.38]   Starting:    Umbraco.DocTypeBuilder.Tests
  Passed Umbraco.DocTypeBuilder.Tests.PropertyBuilderTests.PropertyBuilder_Should_Set_LabelOnTop_Default_True_When_No_Parameter [56 ms]
  Passed Umbraco.DocTypeBuilder.Tests.DocumentTypeBuilderTests.DocumentTypeBuilder_Should_Set_Name_Correctly [55 ms]
  Passed Umbraco.DocTypeBuilder.Tests.TemplateBuilderTests.TemplateBuilder_Should_Add_Umbraco_Model_Directive [56 ms]
  Passed Umbraco.DocTypeBuilder.Tests.TabBuilderTests.TabBuilder_Should_Support_All_Common_Umbraco_Property_Editors(editorAlias: "Umbraco.TinyMCE") [57 ms]
  Passed Umbraco.DocTypeBuilder.Tests.TabBuilderTests.TabBuilder_Should_Support_All_Common_Umbraco_Property_Editors(editorAlias: "Umbraco.TextBox") [< 1 ms]
  Passed Umbraco.DocTypeBuilder.Tests.DocumentTypeBuilderTests.DocumentTypeBuilder_Should_Allow_At_Root_When_True [< 1 ms]
  Passed Umbraco.DocTypeBuilder.Tests.TabBuilderTests.TabBuilder_Should_Support_All_Common_Umbraco_Property_Editors(editorAlias: "Umbraco.TextArea") [< 1 ms]
  Passed Umbraco.DocTypeBuilder.Tests.TabBuilderTests.TabBuilder_Should_Support_All_Common_Umbraco_Property_Editors(editorAlias: "Umbraco.MediaPicker3") [< 1 ms]
  Passed Umbraco.DocTypeBuilder.Tests.TemplateBuilderTests.TemplateBuilder_Should_Add_JavaScript_Assets [1 ms]
  Passed Umbraco.DocTypeBuilder.Tests.TabBuilderTests.TabBuilder_Should_Support_All_Common_Umbraco_Property_Editors(editorAlias: "Umbraco.ContentPicker") [< 1 ms]
  Passed Umbraco.DocTypeBuilder.Tests.TabBuilderTests.TabBuilder_Should_Support_All_Common_Umbraco_Property_Editors(editorAlias: "Umbraco.Integer") [< 1 ms]
  Passed Umbraco.DocTypeBuilder.Tests.TabBuilderTests.TabBuilder_Should_Support_All_Common_Umbraco_Property_Editors(editorAlias: "Umbraco.TrueFalse") [< 1 ms]
  Passed Umbraco.DocTypeBuilder.Tests.PropertyBuilderTests.PropertyBuilder_Should_Set_ValueStorageType_Correctly(storageType: Integer) [2 ms]
  Passed Umbraco.DocTypeBuilder.Tests.TabBuilderTests.TabBuilder_Should_Support_All_Common_Umbraco_Property_Editors(editorAlias: "Umbraco.DateTime") [< 1 ms]
  Passed Umbraco.DocTypeBuilder.Tests.PropertyBuilderTests.PropertyBuilder_Should_Set_ValueStorageType_Correctly(storageType: Ntext) [< 1 ms]
  Passed Umbraco.DocTypeBuilder.Tests.PropertyBuilderTests.PropertyBuilder_Should_Set_ValueStorageType_Correctly(storageType: Decimal) [< 1 ms]
  Passed Umbraco.DocTypeBuilder.Tests.PropertyBuilderTests.PropertyBuilder_Should_Set_ValueStorageType_Correctly(storageType: Date) [< 1 ms]
  Passed Umbraco.DocTypeBuilder.Tests.PropertyBuilderTests.PropertyBuilder_Should_Set_ValueStorageType_Correctly(storageType: Nvarchar) [< 1 ms]
  Passed Umbraco.DocTypeBuilder.Tests.TabBuilderTests.TabBuilder_Should_Set_SortOrder_Correctly [1 ms]
  Passed Umbraco.DocTypeBuilder.Tests.PropertyBuilderTests.PropertyBuilder_Should_Set_SortOrder_Correctly [< 1 ms]
  Passed Umbraco.DocTypeBuilder.Tests.PropertyBuilderTests.PropertyBuilder_Should_Return_Same_Instance_For_Method_Chaining [< 1 ms]
  Passed Umbraco.DocTypeBuilder.Tests.TemplateBuilderTests.TemplateBuilder_Should_Set_MasterTemplate_By_ITemplate [12 ms]
  Passed Umbraco.DocTypeBuilder.Tests.TemplateBuilderTests.TemplateBuilder_Should_Add_Default_Umbraco_Model [< 1 ms]
  Passed Umbraco.DocTypeBuilder.Tests.TemplateBuilderTests.TemplateBuilder_Should_Add_Both_CSS_And_JavaScript_Assets [< 1 ms]
  Passed Umbraco.DocTypeBuilder.Tests.TemplateBuilderTests.TemplateBuilder_Should_Set_Name_Correctly [< 1 ms]
  Passed Umbraco.DocTypeBuilder.Tests.TemplateBuilderTests.TemplateBuilder_Should_Handle_Null_Assets [< 1 ms]
  Passed Umbraco.DocTypeBuilder.Tests.TemplateBuilderTests.TemplateBuilder_Should_Create_Basic_Html_Structure_With_Defaults [< 1 ms]
  Passed Umbraco.DocTypeBuilder.Tests.TemplateBuilderTests.TemplateBuilder_Should_Add_Navigation [< 1 ms]
[xUnit.net 00:00:00.53]       System.InvalidOperationException : Sequence contains no matching element
[xUnit.net 00:00:00.53]       Stack Trace:
[xUnit.net 00:00:00.53]            at System.Linq.ThrowHelper.ThrowNoMatchException()
[xUnit.net 00:00:00.53]            at System.Linq.Enumerable.First[TSource](IEnumerable`1 source, Func`2 predicate)
[xUnit.net 00:00:00.53]         /workspace/src/Plugins/Umbraco.DocTypeBuilder.Tests/TabBuilderTests.cs(362,0): at Umbraco.DocTypeBuilder.Tests.TabBuilderTests.TabBuilder_Should_Handle_Properties_With_Complex_Configuration()
[xUnit.net 00:00:00.53]            at System.RuntimeMethodHandle.InvokeMethod(Object target, Void** arguments, Signature sig, Boolean isConstructor)
[xUnit.net 00:00:00.53]            at System.Reflection.MethodBaseInvoker.InvokeWithNoArgs(Object obj, BindingFlags invokeAttr)
[xUnit.net 00:00:00.56]       Expected blogContainer.Alias to be "blog", but found <null>.
[xUnit.net 00:00:00.56]       Stack Trace:
[xUnit.net 00:00:00.56]            at FluentAssertions.Execution.XUnit2TestFramework.Throw(String message)
[xUnit.net 00:00:00.56]            at FluentAssertions.Execution.TestFrameworkProvider.Throw(String message)
[xUnit.net 00:00:00.56]            at FluentAssertions.Execution.DefaultAssertionStrategy.HandleFailure(String message)
[xUnit.net 00:00:00.56]            at FluentAssertions.Execution.AssertionScope.FailWith(Func`1 failReasonFunc)
[xUnit.net 00:00:00.56]            at FluentAssertions.Execution.AssertionScope.FailWith(Func`1 failReasonFunc)
[xUnit.net 00:00:00.56]            at FluentAssertions.Execution.AssertionScope.FailWith(String message, Object[] args)
[xUnit.net 00:00:00.56]            at FluentAssertions.Primitives.StringValidator.ValidateAgainstNulls()
[xUnit.net 00:00:00.56]            at FluentAssertions.Primitives.StringValidator.Validate()
[xUnit.net 00:00:00.56]            at FluentAssertions.Primitives.StringAssertions`1.Be(String expected, String because, Object[] becauseArgs)
[xUnit.net 00:00:00.56]         /workspace/src/Plugins/Umbraco.DocTypeBuilder.Tests/IntegrationTests.cs(78,0): at Umbraco.DocTypeBuilder.Tests.IntegrationTests.Integration_Should_Create_Complete_Blog_Structure()
[xUnit.net 00:00:00.56]            at System.RuntimeMethodHandle.InvokeMethod(Object target, Void** arguments, Signature sig, Boolean isConstructor)
[xUnit.net 00:00:00.56]            at System.Reflection.MethodBaseInvoker.InvokeWithNoArgs(Object obj, BindingFlags invokeAttr)
[xUnit.net 00:00:00.56]       Expected property.Alias to be "customProperty", but found <null>.
[xUnit.net 00:00:00.56]       Stack Trace:
[xUnit.net 00:00:00.56]            at FluentAssertions.Execution.XUnit2TestFramework.Throw(String message)
[xUnit.net 00:00:00.56]            at FluentAssertions.Execution.TestFrameworkProvider.Throw(String message)
[xUnit.net 00:00:00.56]            at FluentAssertions.Execution.DefaultAssertionStrategy.HandleFailure(String message)
[xUnit.net 00:00:00.56]            at FluentAssertions.Execution.AssertionScope.FailWith(Func`1 failReasonFunc)
[xUnit.net 00:00:00.56]            at FluentAssertions.Execution.AssertionScope.FailWith(Func`1 failReasonFunc)
[xUnit.net 00:00:00.56]            at FluentAssertions.Execution.AssertionScope.FailWith(String message, Object[] args)
[xUnit.net 00:00:00.56]            at FluentAssertions.Primitives.StringValidator.ValidateAgainstNulls()
[xUnit.net 00:00:00.56]            at FluentAssertions.Primitives.StringValidator.Validate()
[xUnit.net 00:00:00.56]            at FluentAssertions.Primitives.StringAssertions`1.Be(String expected, String because, Object[] becauseArgs)
[xUnit.net 00:00:00.56]         /workspace/src/Plugins/Umbraco.DocTypeBuilder.Tests/TabBuilderTests.cs(96,0): at Umbraco.DocTypeBuilder.Tests.TabBuilderTests.TabBuilder_Should_Add_Custom_Property()
[xUnit.net 00:00:00.56]            at System.RuntimeMethodHandle.InvokeMethod(Object target, Void** arguments, Signature sig, Boolean isConstructor)
[xUnit.net 00:00:00.56]            at System.Reflection.MethodBaseInvoker.InvokeWithNoArgs(Object obj, BindingFlags invokeAttr)
[xUnit.net 00:00:00.56]       Expected contentType.Name to be "", but found <null>.
[xUnit.net 00:00:00.56]       Stack Trace:
[xUnit.net 00:00:00.56]            at FluentAssertions.Execution.XUnit2TestFramework.Throw(String message)
[xUnit.net 00:00:00.56]            at FluentAssertions.Execution.TestFrameworkProvider.Throw(String message)
[xUnit.net 00:00:00.56]            at FluentAssertions.Execution.DefaultAssertionStrategy.HandleFailure(String message)
[xUnit.net 00:00:00.56]            at FluentAssertions.Execution.AssertionScope.FailWith(Func`1 failReasonFunc)
[xUnit.net 00:00:00.56]            at FluentAssertions.Execution.AssertionScope.FailWith(Func`1 failReasonFunc)
[xUnit.net 00:00:00.56]            at FluentAssertions.Execution.AssertionScope.FailWith(String message, Object[] args)
[xUnit.net 00:00:00.56]            at FluentAssertions.Primitives.StringValidator.ValidateAgainstNulls()
[xUnit.net 00:00:00.56]            at FluentAssertions.Primitives.StringValidator.Validate()
[xUnit.net 00:00:00.56]            at FluentAssertions.Primitives.StringAssertions`1.Be(String expected, String because, Object[] becauseArgs)
[xUnit.net 00:00:00.56]         /workspace/src/Plugins/Umbraco.DocTypeBuilder.Tests/DocumentTypeBuilderTests.cs(37,0): at Umbraco.DocTypeBuilder.Tests.DocumentTypeBuilderTests.DocumentTypeBuilder_Should_Create_Basic_ContentType()
[xUnit.net 00:00:00.56]            at System.RuntimeMethodHandle.InvokeMethod(Object target, Void** arguments, Signature sig, Boolean isConstructor)
[xUnit.net 00:00:00.56]            at System.Reflection.MethodBaseInvoker.InvokeWithNoArgs(Object obj, BindingFlags invokeAttr)
[xUnit.net 00:00:00.56]       Expected landingPageTemplate.Alias to be "landingPageTemplate", but found <null>.
[xUnit.net 00:00:00.56]       Stack Trace:
[xUnit.net 00:00:00.56]            at FluentAssertions.Execution.XUnit2TestFramework.Throw(String message)
[xUnit.net 00:00:00.56]            at FluentAssertions.Execution.TestFrameworkProvider.Throw(String message)
[xUnit.net 00:00:00.56]            at FluentAssertions.Execution.DefaultAssertionStrategy.HandleFailure(String message)
[xUnit.net 00:00:00.56]            at FluentAssertions.Execution.AssertionScope.FailWith(Func`1 failReasonFunc)
[xUnit.net 00:00:00.56]            at FluentAssertions.Execution.AssertionScope.FailWith(Func`1 failReasonFunc)
[xUnit.net 00:00:00.56]            at FluentAssertions.Execution.AssertionScope.FailWith(String message, Object[] args)
[xUnit.net 00:00:00.56]            at FluentAssertions.Primitives.StringValidator.ValidateAgainstNulls()
[xUnit.net 00:00:00.56]            at FluentAssertions.Primitives.StringValidator.Validate()
[xUnit.net 00:00:00.56]            at FluentAssertions.Primitives.StringAssertions`1.Be(String expected, String because, Object[] becauseArgs)
[xUnit.net 00:00:00.56]         /workspace/src/Plugins/Umbraco.DocTypeBuilder.Tests/TemplateBuilderTests.cs(592,0): at Umbraco.DocTypeBuilder.Tests.TemplateBuilderTests.TemplateBuilder_Should_Create_Real_World_Landing_Page_Template()
[xUnit.net 00:00:00.56]            at System.RuntimeMethodHandle.InvokeMethod(Object target, Void** arguments, Signature sig, Boolean isConstructor)
[xUnit.net 00:00:00.56]            at System.Reflection.MethodBaseInvoker.InvokeWithNoArgs(Object obj, BindingFlags invokeAttr)
  Failed Umbraco.DocTypeBuilder.Tests.TabBuilderTests.TabBuilder_Should_Handle_Properties_With_Complex_Configuration [2 ms]
  Error Message:
   System.InvalidOperationException : Sequence contains no matching element
  Stack Trace:
     at System.Linq.ThrowHelper.ThrowNoMatchException()
   at System.Linq.Enumerable.First[TSource](IEnumerable`1 source, Func`2 predicate)
   at Umbraco.DocTypeBuilder.Tests.TabBuilderTests.TabBuilder_Should_Handle_Properties_With_Complex_Configuration() in /workspace/src/Plugins/Umbraco.DocTypeBuilder.Tests/TabBuilderTests.cs:line 362
   at System.RuntimeMethodHandle.InvokeMethod(Object target, Void** arguments, Signature sig, Boolean isConstructor)
   at System.Reflection.MethodBaseInvoker.InvokeWithNoArgs(Object obj, BindingFlags invokeAttr)
  Passed Umbraco.DocTypeBuilder.Tests.TemplateBuilderTests.TemplateBuilder_Should_Create_Master_Template_With_Full_Structure [< 1 ms]
  Passed Umbraco.DocTypeBuilder.Tests.TabBuilderTests.TabBuilder_Should_Return_Same_Instance_For_Method_Chaining [< 1 ms]
  Passed Umbraco.DocTypeBuilder.Tests.TabBuilderTests.TabBuilder_Should_Add_RichText_Property [< 1 ms]
  Passed Umbraco.DocTypeBuilder.Tests.TabBuilderTests.TabBuilder_Should_Add_Numeric_Property [< 1 ms]
  Failed Umbraco.DocTypeBuilder.Tests.IntegrationTests.Integration_Should_Create_Complete_Blog_Structure [130 ms]
  Error Message:
   Expected blogContainer.Alias to be "blog", but found <null>.
  Stack Trace:
     at FluentAssertions.Execution.XUnit2TestFramework.Throw(String message)
   at FluentAssertions.Execution.TestFrameworkProvider.Throw(String message)
   at FluentAssertions.Execution.DefaultAssertionStrategy.HandleFailure(String message)
   at FluentAssertions.Execution.AssertionScope.FailWith(Func`1 failReasonFunc)
   at FluentAssertions.Execution.AssertionScope.FailWith(Func`1 failReasonFunc)
   at FluentAssertions.Execution.AssertionScope.FailWith(String message, Object[] args)
   at FluentAssertions.Primitives.StringValidator.ValidateAgainstNulls()
   at FluentAssertions.Primitives.StringValidator.Validate()
   at FluentAssertions.Primitives.StringAssertions`1.Be(String expected, String because, Object[] becauseArgs)
   at Umbraco.DocTypeBuilder.Tests.IntegrationTests.Integration_Should_Create_Complete_Blog_Structure() in /workspace/src/Plugins/Umbraco.DocTypeBuilder.Tests/IntegrationTests.cs:line 78
   at System.RuntimeMethodHandle.InvokeMethod(Object target, Void** arguments, Signature sig, Boolean isConstructor)
   at System.Reflection.MethodBaseInvoker.InvokeWithNoArgs(Object obj, BindingFlags invokeAttr)
  Failed Umbraco.DocTypeBuilder.Tests.TabBuilderTests.TabBuilder_Should_Add_Custom_Property [52 ms]
  Error Message:
   Expected property.Alias to be "customProperty", but found <null>.
  Stack Trace:
     at FluentAssertions.Execution.XUnit2TestFramework.Throw(String message)
   at FluentAssertions.Execution.TestFrameworkProvider.Throw(String message)
   at FluentAssertions.Execution.DefaultAssertionStrategy.HandleFailure(String message)
   at FluentAssertions.Execution.AssertionScope.FailWith(Func`1 failReasonFunc)
   at FluentAssertions.Execution.AssertionScope.FailWith(Func`1 failReasonFunc)
   at FluentAssertions.Execution.AssertionScope.FailWith(String message, Object[] args)
   at FluentAssertions.Primitives.StringValidator.ValidateAgainstNulls()
   at FluentAssertions.Primitives.StringValidator.Validate()
   at FluentAssertions.Primitives.StringAssertions`1.Be(String expected, String because, Object[] becauseArgs)
   at Umbraco.DocTypeBuilder.Tests.TabBuilderTests.TabBuilder_Should_Add_Custom_Property() in /workspace/src/Plugins/Umbraco.DocTypeBuilder.Tests/TabBuilderTests.cs:line 96
   at System.RuntimeMethodHandle.InvokeMethod(Object target, Void** arguments, Signature sig, Boolean isConstructor)
   at System.Reflection.MethodBaseInvoker.InvokeWithNoArgs(Object obj, BindingFlags invokeAttr)
  Failed Umbraco.DocTypeBuilder.Tests.DocumentTypeBuilderTests.DocumentTypeBuilder_Should_Create_Basic_ContentType [71 ms]
  Error Message:
   Expected contentType.Name to be "", but found <null>.
  Stack Trace:
     at FluentAssertions.Execution.XUnit2TestFramework.Throw(String message)
   at FluentAssertions.Execution.TestFrameworkProvider.Throw(String message)
   at FluentAssertions.Execution.DefaultAssertionStrategy.HandleFailure(String message)
   at FluentAssertions.Execution.AssertionScope.FailWith(Func`1 failReasonFunc)
   at FluentAssertions.Execution.AssertionScope.FailWith(Func`1 failReasonFunc)
   at FluentAssertions.Execution.AssertionScope.FailWith(String message, Object[] args)
   at FluentAssertions.Primitives.StringValidator.ValidateAgainstNulls()
   at FluentAssertions.Primitives.StringValidator.Validate()
   at FluentAssertions.Primitives.StringAssertions`1.Be(String expected, String because, Object[] becauseArgs)
   at Umbraco.DocTypeBuilder.Tests.DocumentTypeBuilderTests.DocumentTypeBuilder_Should_Create_Basic_ContentType() in /workspace/src/Plugins/Umbraco.DocTypeBuilder.Tests/DocumentTypeBuilderTests.cs:line 37
   at System.RuntimeMethodHandle.InvokeMethod(Object target, Void** arguments, Signature sig, Boolean isConstructor)
   at System.Reflection.MethodBaseInvoker.InvokeWithNoArgs(Object obj, BindingFlags invokeAttr)
  Failed Umbraco.DocTypeBuilder.Tests.TemplateBuilderTests.TemplateBuilder_Should_Create_Real_World_Landing_Page_Template [53 ms]
  Error Message:
   Expected landingPageTemplate.Alias to be "landingPageTemplate", but found <null>.
  Stack Trace:
     at FluentAssertions.Execution.XUnit2TestFramework.Throw(String message)
   at FluentAssertions.Execution.TestFrameworkProvider.Throw(String message)
   at FluentAssertions.Execution.DefaultAssertionStrategy.HandleFailure(String message)
   at FluentAssertions.Execution.AssertionScope.FailWith(Func`1 failReasonFunc)
   at FluentAssertions.Execution.AssertionScope.FailWith(Func`1 failReasonFunc)
   at FluentAssertions.Execution.AssertionScope.FailWith(String message, Object[] args)
   at FluentAssertions.Primitives.StringValidator.ValidateAgainstNulls()
   at FluentAssertions.Primitives.StringValidator.Validate()
   at FluentAssertions.Primitives.StringAssertions`1.Be(String expected, String because, Object[] becauseArgs)
   at Umbraco.DocTypeBuilder.Tests.TemplateBuilderTests.TemplateBuilder_Should_Create_Real_World_Landing_Page_Template() in /workspace/src/Plugins/Umbraco.DocTypeBuilder.Tests/TemplateBuilderTests.cs:line 592
   at System.RuntimeMethodHandle.InvokeMethod(Object target, Void** arguments, Signature sig, Boolean isConstructor)
   at System.Reflection.MethodBaseInvoker.InvokeWithNoArgs(Object obj, BindingFlags invokeAttr)
[xUnit.net 00:00:00.56]       Expected property.Alias to be "", but found <null>.
[xUnit.net 00:00:00.56]       Stack Trace:
[xUnit.net 00:00:00.56]            at FluentAssertions.Execution.XUnit2TestFramework.Throw(String message)
[xUnit.net 00:00:00.56]            at FluentAssertions.Execution.TestFrameworkProvider.Throw(String message)
[xUnit.net 00:00:00.56]            at FluentAssertions.Execution.DefaultAssertionStrategy.HandleFailure(String message)
[xUnit.net 00:00:00.56]            at FluentAssertions.Execution.AssertionScope.FailWith(Func`1 failReasonFunc)
[xUnit.net 00:00:00.56]            at FluentAssertions.Execution.AssertionScope.FailWith(Func`1 failReasonFunc)
[xUnit.net 00:00:00.56]            at FluentAssertions.Execution.AssertionScope.FailWith(String message, Object[] args)
[xUnit.net 00:00:00.56]            at FluentAssertions.Primitives.StringValidator.ValidateAgainstNulls()
[xUnit.net 00:00:00.56]            at FluentAssertions.Primitives.StringValidator.Validate()
[xUnit.net 00:00:00.56]            at FluentAssertions.Primitives.StringAssertions`1.Be(String expected, String because, Object[] becauseArgs)
[xUnit.net 00:00:00.56]         /workspace/src/Plugins/Umbraco.DocTypeBuilder.Tests/PropertyBuilderTests.cs(240,0): at Umbraco.DocTypeBuilder.Tests.PropertyBuilderTests.PropertyBuilder_Should_Handle_Empty_String_Values_Gracefully()
[xUnit.net 00:00:00.56]            at System.RuntimeMethodHandle.InvokeMethod(Object target, Void** arguments, Signature sig, Boolean isConstructor)
[xUnit.net 00:00:00.56]            at System.Reflection.MethodBaseInvoker.InvokeWithNoArgs(Object obj, BindingFlags invokeAttr)
  Failed Umbraco.DocTypeBuilder.Tests.PropertyBuilderTests.PropertyBuilder_Should_Handle_Empty_String_Values_Gracefully [66 ms]
  Error Message:
   Expected property.Alias to be "", but found <null>.
  Stack Trace:
     at FluentAssertions.Execution.XUnit2TestFramework.Throw(String message)
   at FluentAssertions.Execution.TestFrameworkProvider.Throw(String message)
   at FluentAssertions.Execution.DefaultAssertionStrategy.HandleFailure(String message)
   at FluentAssertions.Execution.AssertionScope.FailWith(Func`1 failReasonFunc)
   at FluentAssertions.Execution.AssertionScope.FailWith(Func`1 failReasonFunc)
   at FluentAssertions.Execution.AssertionScope.FailWith(String message, Object[] args)
   at FluentAssertions.Primitives.StringValidator.ValidateAgainstNulls()
   at FluentAssertions.Primitives.StringValidator.Validate()
   at FluentAssertions.Primitives.StringAssertions`1.Be(String expected, String because, Object[] becauseArgs)
   at Umbraco.DocTypeBuilder.Tests.PropertyBuilderTests.PropertyBuilder_Should_Handle_Empty_String_Values_Gracefully() in /workspace/src/Plugins/Umbraco.DocTypeBuilder.Tests/PropertyBuilderTests.cs:line 240
   at System.RuntimeMethodHandle.InvokeMethod(Object target, Void** arguments, Signature sig, Boolean isConstructor)
   at System.Reflection.MethodBaseInvoker.InvokeWithNoArgs(Object obj, BindingFlags invokeAttr)
  Passed Umbraco.DocTypeBuilder.Tests.TemplateBuilderTests.TemplateBuilder_Should_Add_Basic_SEO_Tags [< 1 ms]
  Passed Umbraco.DocTypeBuilder.Tests.PropertyBuilderTests.PropertyBuilder_Should_Set_DataTypeDefinitionId_Correctly [< 1 ms]
  Passed Umbraco.DocTypeBuilder.Tests.DocumentTypeBuilderTests.DocumentTypeBuilder_Should_Add_Single_Tab [< 1 ms]
  Passed Umbraco.DocTypeBuilder.Tests.PropertyBuilderTests.PropertyBuilder_Should_Set_Mandatory_Flag_Default_True_When_No_Parameter [< 1 ms]
  Passed Umbraco.DocTypeBuilder.Tests.DocumentTypeBuilderTests.DocumentTypeBuilder_Should_Set_IsElement_True [< 1 ms]
[xUnit.net 00:00:00.56]       Expected property.Alias to be "title", but found <null>.
[xUnit.net 00:00:00.56]       Stack Trace:
[xUnit.net 00:00:00.56]            at FluentAssertions.Execution.XUnit2TestFramework.Throw(String message)
[xUnit.net 00:00:00.56]            at FluentAssertions.Execution.TestFrameworkProvider.Throw(String message)
[xUnit.net 00:00:00.56]            at FluentAssertions.Execution.DefaultAssertionStrategy.HandleFailure(String message)
[xUnit.net 00:00:00.56]            at FluentAssertions.Execution.AssertionScope.FailWith(Func`1 failReasonFunc)
[xUnit.net 00:00:00.56]            at FluentAssertions.Execution.AssertionScope.FailWith(Func`1 failReasonFunc)
[xUnit.net 00:00:00.56]            at FluentAssertions.Execution.AssertionScope.FailWith(String message, Object[] args)
[xUnit.net 00:00:00.56]            at FluentAssertions.Primitives.StringValidator.ValidateAgainstNulls()
[xUnit.net 00:00:00.56]            at FluentAssertions.Primitives.StringValidator.Validate()
[xUnit.net 00:00:00.56]            at FluentAssertions.Primitives.StringAssertions`1.Be(String expected, String because, Object[] becauseArgs)
[xUnit.net 00:00:00.56]         /workspace/src/Plugins/Umbraco.DocTypeBuilder.Tests/TabBuilderTests.cs(121,0): at Umbraco.DocTypeBuilder.Tests.TabBuilderTests.TabBuilder_Should_Add_TextBox_Property()
[xUnit.net 00:00:00.56]            at System.RuntimeMethodHandle.InvokeMethod(Object target, Void** arguments, Signature sig, Boolean isConstructor)
[xUnit.net 00:00:00.56]            at System.Reflection.MethodBaseInvoker.InvokeWithNoArgs(Object obj, BindingFlags invokeAttr)
  Passed Umbraco.DocTypeBuilder.Tests.TemplateBuilderTests.TemplateBuilder_Should_Create_Basic_Template [< 1 ms]
  Passed Umbraco.DocTypeBuilder.Tests.DocumentTypeBuilderTests.DocumentTypeBuilder_Should_Return_Same_Instance_For_Method_Chaining [< 1 ms]
  Passed Umbraco.DocTypeBuilder.Tests.PropertyBuilderTests.PropertyBuilder_Should_Set_ValidationRegex_Correctly [< 1 ms]
  Passed Umbraco.DocTypeBuilder.Tests.TemplateBuilderTests.TemplateBuilder_Should_Create_Master_Template_Without_Head_And_Footer [1 ms]
  Failed Umbraco.DocTypeBuilder.Tests.TabBuilderTests.TabBuilder_Should_Add_TextBox_Property [3 ms]
  Error Message:
   Expected property.Alias to be "title", but found <null>.
  Stack Trace:
     at FluentAssertions.Execution.XUnit2TestFramework.Throw(String message)
   at FluentAssertions.Execution.TestFrameworkProvider.Throw(String message)
   at FluentAssertions.Execution.DefaultAssertionStrategy.HandleFailure(String message)
   at FluentAssertions.Execution.AssertionScope.FailWith(Func`1 failReasonFunc)
   at FluentAssertions.Execution.AssertionScope.FailWith(Func`1 failReasonFunc)
   at FluentAssertions.Execution.AssertionScope.FailWith(String message, Object[] args)
   at FluentAssertions.Primitives.StringValidator.ValidateAgainstNulls()
   at FluentAssertions.Primitives.StringValidator.Validate()
   at FluentAssertions.Primitives.StringAssertions`1.Be(String expected, String because, Object[] becauseArgs)
   at Umbraco.DocTypeBuilder.Tests.TabBuilderTests.TabBuilder_Should_Add_TextBox_Property() in /workspace/src/Plugins/Umbraco.DocTypeBuilder.Tests/TabBuilderTests.cs:line 121
   at System.RuntimeMethodHandle.InvokeMethod(Object target, Void** arguments, Signature sig, Boolean isConstructor)
   at System.Reflection.MethodBaseInvoker.InvokeWithNoArgs(Object obj, BindingFlags invokeAttr)
  Passed Umbraco.DocTypeBuilder.Tests.TemplateBuilderTests.TemplateBuilder_Should_Add_SEO_Tags_With_Twitter_Card [< 1 ms]
[xUnit.net 00:00:00.56]       Expected landingPage.Alias to be "marketingLandingPage", but found <null>.
[xUnit.net 00:00:00.56]       Stack Trace:
[xUnit.net 00:00:00.56]            at FluentAssertions.Execution.XUnit2TestFramework.Throw(String message)
[xUnit.net 00:00:00.56]            at FluentAssertions.Execution.TestFrameworkProvider.Throw(String message)
[xUnit.net 00:00:00.56]            at FluentAssertions.Execution.DefaultAssertionStrategy.HandleFailure(String message)
[xUnit.net 00:00:00.56]            at FluentAssertions.Execution.AssertionScope.FailWith(Func`1 failReasonFunc)
[xUnit.net 00:00:00.56]            at FluentAssertions.Execution.AssertionScope.FailWith(Func`1 failReasonFunc)
[xUnit.net 00:00:00.56]            at FluentAssertions.Execution.AssertionScope.FailWith(String message, Object[] args)
[xUnit.net 00:00:00.56]            at FluentAssertions.Primitives.StringValidator.ValidateAgainstNulls()
[xUnit.net 00:00:00.56]            at FluentAssertions.Primitives.StringValidator.Validate()
[xUnit.net 00:00:00.56]            at FluentAssertions.Primitives.StringAssertions`1.Be(String expected, String because, Object[] becauseArgs)
[xUnit.net 00:00:00.56]         /workspace/src/Plugins/Umbraco.DocTypeBuilder.Tests/IntegrationTests.cs(357,0): at Umbraco.DocTypeBuilder.Tests.IntegrationTests.Integration_Should_Create_Complex_Landing_Page_With_All_Features()
[xUnit.net 00:00:00.56]            at System.RuntimeMethodHandle.InvokeMethod(Object target, Void** arguments, Signature sig, Boolean isConstructor)
[xUnit.net 00:00:00.56]            at System.Reflection.MethodBaseInvoker.InvokeWithNoArgs(Object obj, BindingFlags invokeAttr)
  Passed Umbraco.DocTypeBuilder.Tests.TabBuilderTests.TabBuilder_Should_Chain_Configuration_Methods [< 1 ms]
  Passed Umbraco.DocTypeBuilder.Tests.TemplateBuilderTests.TemplateBuilder_Should_Return_Same_Instance_For_Method_Chaining [< 1 ms]
  Passed Umbraco.DocTypeBuilder.Tests.TemplateBuilderTests.TemplateBuilder_Should_Set_MasterTemplate_By_Alias [< 1 ms]
  Failed Umbraco.DocTypeBuilder.Tests.IntegrationTests.Integration_Should_Create_Complex_Landing_Page_With_All_Features [4 ms]
  Error Message:
   Expected landingPage.Alias to be "marketingLandingPage", but found <null>.
  Stack Trace:
     at FluentAssertions.Execution.XUnit2TestFramework.Throw(String message)
   at FluentAssertions.Execution.TestFrameworkProvider.Throw(String message)
   at FluentAssertions.Execution.DefaultAssertionStrategy.HandleFailure(String message)
   at FluentAssertions.Execution.AssertionScope.FailWith(Func`1 failReasonFunc)
   at FluentAssertions.Execution.AssertionScope.FailWith(Func`1 failReasonFunc)
   at FluentAssertions.Execution.AssertionScope.FailWith(String message, Object[] args)
   at FluentAssertions.Primitives.StringValidator.ValidateAgainstNulls()
   at FluentAssertions.Primitives.StringValidator.Validate()
   at FluentAssertions.Primitives.StringAssertions`1.Be(String expected, String because, Object[] becauseArgs)
   at Umbraco.DocTypeBuilder.Tests.IntegrationTests.Integration_Should_Create_Complex_Landing_Page_With_All_Features() in /workspace/src/Plugins/Umbraco.DocTypeBuilder.Tests/IntegrationTests.cs:line 357
   at System.RuntimeMethodHandle.InvokeMethod(Object target, Void** arguments, Signature sig, Boolean isConstructor)
   at System.Reflection.MethodBaseInvoker.InvokeWithNoArgs(Object obj, BindingFlags invokeAttr)
  Passed Umbraco.DocTypeBuilder.Tests.PropertyBuilderTests.PropertyBuilder_Should_Chain_Multiple_Configuration_Methods [3 ms]
  Passed Umbraco.DocTypeBuilder.Tests.PropertyBuilderTests.PropertyBuilder_Should_Set_LabelOnTop_Correctly [< 1 ms]
[xUnit.net 00:00:00.57]       System.InvalidOperationException : Sequence contains no matching element
[xUnit.net 00:00:00.57]       Stack Trace:
[xUnit.net 00:00:00.57]            at System.Linq.ThrowHelper.ThrowNoMatchException()
[xUnit.net 00:00:00.57]            at System.Linq.Enumerable.First[TSource](IEnumerable`1 source, Func`2 predicate)
[xUnit.net 00:00:00.57]         /workspace/src/Plugins/Umbraco.DocTypeBuilder.Tests/IntegrationTests.cs(509,0): at Umbraco.DocTypeBuilder.Tests.IntegrationTests.Integration_Should_Create_Document_Types_With_All_Property_Editor_Types()
[xUnit.net 00:00:00.57]            at System.RuntimeMethodHandle.InvokeMethod(Object target, Void** arguments, Signature sig, Boolean isConstructor)
[xUnit.net 00:00:00.57]            at System.Reflection.MethodBaseInvoker.InvokeWithNoArgs(Object obj, BindingFlags invokeAttr)
  Passed Umbraco.DocTypeBuilder.Tests.TemplateBuilderTests.TemplateBuilder_Should_Set_VirtualPath_Correctly [2 ms]
  Passed Umbraco.DocTypeBuilder.Tests.PropertyBuilderTests.PropertyBuilder_Should_Set_Mandatory_Flag_Correctly [< 1 ms]
  Passed Umbraco.DocTypeBuilder.Tests.TemplateBuilderTests.TemplateBuilder_Should_Add_All_SEO_Tags [< 1 ms]
  Passed Umbraco.DocTypeBuilder.Tests.TemplateBuilderTests.TemplateBuilder_Should_Add_Property_Rendering [< 1 ms]
  Passed Umbraco.DocTypeBuilder.Tests.PropertyBuilderTests.PropertyBuilder_Should_Set_Description_Correctly [1 ms]
  Passed Umbraco.DocTypeBuilder.Tests.TemplateBuilderTests.TemplateBuilder_Should_Not_Duplicate_Model_Directive [< 1 ms]
  Failed Umbraco.DocTypeBuilder.Tests.IntegrationTests.Integration_Should_Create_Document_Types_With_All_Property_Editor_Types [4 ms]
  Error Message:
   System.InvalidOperationException : Sequence contains no matching element
  Stack Trace:
     at System.Linq.ThrowHelper.ThrowNoMatchException()
   at System.Linq.Enumerable.First[TSource](IEnumerable`1 source, Func`2 predicate)
   at Umbraco.DocTypeBuilder.Tests.IntegrationTests.Integration_Should_Create_Document_Types_With_All_Property_Editor_Types() in /workspace/src/Plugins/Umbraco.DocTypeBuilder.Tests/IntegrationTests.cs:line 509
   at System.RuntimeMethodHandle.InvokeMethod(Object target, Void** arguments, Signature sig, Boolean isConstructor)
   at System.Reflection.MethodBaseInvoker.InvokeWithNoArgs(Object obj, BindingFlags invokeAttr)
[xUnit.net 00:00:00.57]       Expected property.Alias to be "testProperty", but found <null>.
[xUnit.net 00:00:00.57]       Stack Trace:
[xUnit.net 00:00:00.57]            at FluentAssertions.Execution.XUnit2TestFramework.Throw(String message)
[xUnit.net 00:00:00.57]            at FluentAssertions.Execution.TestFrameworkProvider.Throw(String message)
[xUnit.net 00:00:00.57]            at FluentAssertions.Execution.DefaultAssertionStrategy.HandleFailure(String message)
[xUnit.net 00:00:00.57]            at FluentAssertions.Execution.AssertionScope.FailWith(Func`1 failReasonFunc)
[xUnit.net 00:00:00.57]            at FluentAssertions.Execution.AssertionScope.FailWith(Func`1 failReasonFunc)
[xUnit.net 00:00:00.57]            at FluentAssertions.Execution.AssertionScope.FailWith(String message, Object[] args)
[xUnit.net 00:00:00.57]            at FluentAssertions.Primitives.StringValidator.ValidateAgainstNulls()
[xUnit.net 00:00:00.57]            at FluentAssertions.Primitives.StringValidator.Validate()
[xUnit.net 00:00:00.57]            at FluentAssertions.Primitives.StringAssertions`1.Be(String expected, String because, Object[] becauseArgs)
[xUnit.net 00:00:00.57]         /workspace/src/Plugins/Umbraco.DocTypeBuilder.Tests/PropertyBuilderTests.cs(41,0): at Umbraco.DocTypeBuilder.Tests.PropertyBuilderTests.PropertyBuilder_Should_Create_Basic_Property_With_Required_Fields()
[xUnit.net 00:00:00.57]            at System.RuntimeMethodHandle.InvokeMethod(Object target, Void** arguments, Signature sig, Boolean isConstructor)
[xUnit.net 00:00:00.57]            at System.Reflection.MethodBaseInvoker.InvokeWithNoArgs(Object obj, BindingFlags invokeAttr)
[xUnit.net 00:00:00.57]       Expected propertyAliases {<null>, <null>, <null>, <null>, <null>, <null>, <null>, <null>} to contain "title".
[xUnit.net 00:00:00.57]       Stack Trace:
[xUnit.net 00:00:00.57]            at FluentAssertions.Execution.XUnit2TestFramework.Throw(String message)
[xUnit.net 00:00:00.57]            at FluentAssertions.Execution.TestFrameworkProvider.Throw(String message)
[xUnit.net 00:00:00.57]            at FluentAssertions.Execution.DefaultAssertionStrategy.HandleFailure(String message)
[xUnit.net 00:00:00.57]            at FluentAssertions.Execution.AssertionScope.FailWith(Func`1 failReasonFunc)
[xUnit.net 00:00:00.57]            at FluentAssertions.Execution.AssertionScope.FailWith(Func`1 failReasonFunc)
[xUnit.net 00:00:00.57]            at FluentAssertions.Execution.AssertionScope.FailWith(String message, Object[] args)
[xUnit.net 00:00:00.57]            at FluentAssertions.Collections.GenericCollectionAssertions`3.Contain(T expected, String because, Object[] becauseArgs)
[xUnit.net 00:00:00.57]         /workspace/src/Plugins/Umbraco.DocTypeBuilder.Tests/TabBuilderTests.cs(268,0): at Umbraco.DocTypeBuilder.Tests.TabBuilderTests.TabBuilder_Should_Add_Multiple_Properties()
[xUnit.net 00:00:00.57]            at System.RuntimeMethodHandle.InvokeMethod(Object target, Void** arguments, Signature sig, Boolean isConstructor)
[xUnit.net 00:00:00.57]            at System.Reflection.MethodBaseInvoker.InvokeWithNoArgs(Object obj, BindingFlags invokeAttr)
  Failed Umbraco.DocTypeBuilder.Tests.PropertyBuilderTests.PropertyBuilder_Should_Create_Basic_Property_With_Required_Fields [2 ms]
  Error Message:
   Expected property.Alias to be "testProperty", but found <null>.
  Stack Trace:
     at FluentAssertions.Execution.XUnit2TestFramework.Throw(String message)
   at FluentAssertions.Execution.TestFrameworkProvider.Throw(String message)
   at FluentAssertions.Execution.DefaultAssertionStrategy.HandleFailure(String message)
   at FluentAssertions.Execution.AssertionScope.FailWith(Func`1 failReasonFunc)
   at FluentAssertions.Execution.AssertionScope.FailWith(Func`1 failReasonFunc)
   at FluentAssertions.Execution.AssertionScope.FailWith(String message, Object[] args)
   at FluentAssertions.Primitives.StringValidator.ValidateAgainstNulls()
   at FluentAssertions.Primitives.StringValidator.Validate()
   at FluentAssertions.Primitives.StringAssertions`1.Be(String expected, String because, Object[] becauseArgs)
   at Umbraco.DocTypeBuilder.Tests.PropertyBuilderTests.PropertyBuilder_Should_Create_Basic_Property_With_Required_Fields() in /workspace/src/Plugins/Umbraco.DocTypeBuilder.Tests/PropertyBuilderTests.cs:line 41
   at System.RuntimeMethodHandle.InvokeMethod(Object target, Void** arguments, Signature sig, Boolean isConstructor)
   at System.Reflection.MethodBaseInvoker.InvokeWithNoArgs(Object obj, BindingFlags invokeAttr)
  Passed Umbraco.DocTypeBuilder.Tests.TemplateBuilderTests.TemplateBuilder_Should_Build_Multiple_Different_Templates [3 ms]
  Passed Umbraco.DocTypeBuilder.Tests.PropertyBuilderTests.PropertyBuilder_Should_Handle_Common_Umbraco_Editor_Aliases [1 ms]
  Passed Umbraco.DocTypeBuilder.Tests.TemplateBuilderTests.TemplateBuilder_Should_Add_CSS_Assets [< 1 ms]
  Passed Umbraco.DocTypeBuilder.Tests.TemplateBuilderTests.TemplateBuilder_Should_Set_Content_Correctly [< 1 ms]
  Passed Umbraco.DocTypeBuilder.Tests.TemplateBuilderTests.TemplateBuilder_Should_Create_Basic_Html_Structure [< 1 ms]
  Failed Umbraco.DocTypeBuilder.Tests.TabBuilderTests.TabBuilder_Should_Add_Multiple_Properties [10 ms]
  Error Message:
   Expected propertyAliases {<null>, <null>, <null>, <null>, <null>, <null>, <null>, <null>} to contain "title".
  Stack Trace:
     at FluentAssertions.Execution.XUnit2TestFramework.Throw(String message)
   at FluentAssertions.Execution.TestFrameworkProvider.Throw(String message)
   at FluentAssertions.Execution.DefaultAssertionStrategy.HandleFailure(String message)
   at FluentAssertions.Execution.AssertionScope.FailWith(Func`1 failReasonFunc)
   at FluentAssertions.Execution.AssertionScope.FailWith(Func`1 failReasonFunc)
   at FluentAssertions.Execution.AssertionScope.FailWith(String message, Object[] args)
   at FluentAssertions.Collections.GenericCollectionAssertions`3.Contain(T expected, String because, Object[] becauseArgs)
   at Umbraco.DocTypeBuilder.Tests.TabBuilderTests.TabBuilder_Should_Add_Multiple_Properties() in /workspace/src/Plugins/Umbraco.DocTypeBuilder.Tests/TabBuilderTests.cs:line 268
   at System.RuntimeMethodHandle.InvokeMethod(Object target, Void** arguments, Signature sig, Boolean isConstructor)
   at System.Reflection.MethodBaseInvoker.InvokeWithNoArgs(Object obj, BindingFlags invokeAttr)
  Passed Umbraco.DocTypeBuilder.Tests.TemplateBuilderTests.TemplateBuilder_Should_Add_Children_Section_With_Default_Name [< 1 ms]
[xUnit.net 00:00:00.58]       Expected template.Alias to be "", but found <null>.
[xUnit.net 00:00:00.58]       Stack Trace:
[xUnit.net 00:00:00.58]            at FluentAssertions.Execution.XUnit2TestFramework.Throw(String message)
[xUnit.net 00:00:00.58]            at FluentAssertions.Execution.TestFrameworkProvider.Throw(String message)
[xUnit.net 00:00:00.58]            at FluentAssertions.Execution.DefaultAssertionStrategy.HandleFailure(String message)
[xUnit.net 00:00:00.58]            at FluentAssertions.Execution.AssertionScope.FailWith(Func`1 failReasonFunc)
[xUnit.net 00:00:00.58]            at FluentAssertions.Execution.AssertionScope.FailWith(Func`1 failReasonFunc)
[xUnit.net 00:00:00.58]            at FluentAssertions.Execution.AssertionScope.FailWith(String message, Object[] args)
[xUnit.net 00:00:00.58]            at FluentAssertions.Primitives.StringValidator.ValidateAgainstNulls()
[xUnit.net 00:00:00.58]            at FluentAssertions.Primitives.StringValidator.Validate()
[xUnit.net 00:00:00.58]            at FluentAssertions.Primitives.StringAssertions`1.Be(String expected, String because, Object[] becauseArgs)
[xUnit.net 00:00:00.58]         /workspace/src/Plugins/Umbraco.DocTypeBuilder.Tests/TemplateBuilderTests.cs(527,0): at Umbraco.DocTypeBuilder.Tests.TemplateBuilderTests.TemplateBuilder_Should_Handle_Empty_String_Values()
[xUnit.net 00:00:00.58]            at System.RuntimeMethodHandle.InvokeMethod(Object target, Void** arguments, Signature sig, Boolean isConstructor)
[xUnit.net 00:00:00.58]            at System.Reflection.MethodBaseInvoker.InvokeWithNoArgs(Object obj, BindingFlags invokeAttr)
  Passed Umbraco.DocTypeBuilder.Tests.TabBuilderTests.TabBuilder_Should_Add_ContentPicker_Property [< 1 ms]
  Passed Umbraco.DocTypeBuilder.Tests.TemplateBuilderTests.TemplateBuilder_Should_Handle_Null_Property_Array [< 1 ms]
  Passed Umbraco.DocTypeBuilder.Tests.TabBuilderTests.TabBuilder_Should_Add_MediaPicker_Property [< 1 ms]
  Passed Umbraco.DocTypeBuilder.Tests.TemplateBuilderTests.TemplateBuilder_Should_Add_Children_Section [< 1 ms]
  Passed Umbraco.DocTypeBuilder.Tests.TabBuilderTests.TabBuilder_Should_Add_DatePicker_Property [< 1 ms]
  Passed Umbraco.DocTypeBuilder.Tests.TemplateBuilderTests.TemplateBuilder_Should_Handle_Empty_Property_Array [< 1 ms]
  Passed Umbraco.DocTypeBuilder.Tests.TabBuilderTests.TabBuilder_Should_Add_TextArea_Property [< 1 ms]
  Failed Umbraco.DocTypeBuilder.Tests.TemplateBuilderTests.TemplateBuilder_Should_Handle_Empty_String_Values [1 ms]
  Error Message:
   Expected template.Alias to be "", but found <null>.
  Stack Trace:
     at FluentAssertions.Execution.XUnit2TestFramework.Throw(String message)
   at FluentAssertions.Execution.TestFrameworkProvider.Throw(String message)
   at FluentAssertions.Execution.DefaultAssertionStrategy.HandleFailure(String message)
   at FluentAssertions.Execution.AssertionScope.FailWith(Func`1 failReasonFunc)
   at FluentAssertions.Execution.AssertionScope.FailWith(Func`1 failReasonFunc)
   at FluentAssertions.Execution.AssertionScope.FailWith(String message, Object[] args)
   at FluentAssertions.Primitives.StringValidator.ValidateAgainstNulls()
   at FluentAssertions.Primitives.StringValidator.Validate()
   at FluentAssertions.Primitives.StringAssertions`1.Be(String expected, String because, Object[] becauseArgs)
   at Umbraco.DocTypeBuilder.Tests.TemplateBuilderTests.TemplateBuilder_Should_Handle_Empty_String_Values() in /workspace/src/Plugins/Umbraco.DocTypeBuilder.Tests/TemplateBuilderTests.cs:line 527
   at System.RuntimeMethodHandle.InvokeMethod(Object target, Void** arguments, Signature sig, Boolean isConstructor)
   at System.Reflection.MethodBaseInvoker.InvokeWithNoArgs(Object obj, BindingFlags invokeAttr)
[xUnit.net 00:00:00.58]       Expected property.Alias to be "title", but found <null>.
[xUnit.net 00:00:00.58]       Stack Trace:
[xUnit.net 00:00:00.58]            at FluentAssertions.Execution.XUnit2TestFramework.Throw(String message)
[xUnit.net 00:00:00.58]            at FluentAssertions.Execution.TestFrameworkProvider.Throw(String message)
[xUnit.net 00:00:00.58]            at FluentAssertions.Execution.DefaultAssertionStrategy.HandleFailure(String message)
[xUnit.net 00:00:00.58]            at FluentAssertions.Execution.AssertionScope.FailWith(Func`1 failReasonFunc)
[xUnit.net 00:00:00.58]            at FluentAssertions.Execution.AssertionScope.FailWith(Func`1 failReasonFunc)
[xUnit.net 00:00:00.58]            at FluentAssertions.Execution.AssertionScope.FailWith(String message, Object[] args)
[xUnit.net 00:00:00.58]            at FluentAssertions.Primitives.StringValidator.ValidateAgainstNulls()
[xUnit.net 00:00:00.58]            at FluentAssertions.Primitives.StringValidator.Validate()
[xUnit.net 00:00:00.58]            at FluentAssertions.Primitives.StringAssertions`1.Be(String expected, String because, Object[] becauseArgs)
[xUnit.net 00:00:00.58]         /workspace/src/Plugins/Umbraco.DocTypeBuilder.Tests/TabBuilderTests.cs(293,0): at Umbraco.DocTypeBuilder.Tests.TabBuilderTests.TabBuilder_Should_Handle_Null_Configuration_Action()
[xUnit.net 00:00:00.58]            at System.RuntimeMethodHandle.InvokeMethod(Object target, Void** arguments, Signature sig, Boolean isConstructor)
[xUnit.net 00:00:00.58]            at System.Reflection.MethodBaseInvoker.InvokeWithNoArgs(Object obj, BindingFlags invokeAttr)
[xUnit.net 00:00:00.58]       Expected template.Alias to be "homePageTemplate", but found <null>.
[xUnit.net 00:00:00.58]       Stack Trace:
[xUnit.net 00:00:00.58]            at FluentAssertions.Execution.XUnit2TestFramework.Throw(String message)
[xUnit.net 00:00:00.58]            at FluentAssertions.Execution.TestFrameworkProvider.Throw(String message)
[xUnit.net 00:00:00.58]            at FluentAssertions.Execution.DefaultAssertionStrategy.HandleFailure(String message)
[xUnit.net 00:00:00.58]            at FluentAssertions.Execution.AssertionScope.FailWith(Func`1 failReasonFunc)
[xUnit.net 00:00:00.58]            at FluentAssertions.Execution.AssertionScope.FailWith(Func`1 failReasonFunc)
[xUnit.net 00:00:00.58]            at FluentAssertions.Execution.AssertionScope.FailWith(String message, Object[] args)
[xUnit.net 00:00:00.58]            at FluentAssertions.Primitives.StringValidator.ValidateAgainstNulls()
[xUnit.net 00:00:00.58]            at FluentAssertions.Primitives.StringValidator.Validate()
[xUnit.net 00:00:00.58]            at FluentAssertions.Primitives.StringAssertions`1.Be(String expected, String because, Object[] becauseArgs)
[xUnit.net 00:00:00.58]         /workspace/src/Plugins/Umbraco.DocTypeBuilder.Tests/TemplateBuilderTests.cs(69,0): at Umbraco.DocTypeBuilder.Tests.TemplateBuilderTests.TemplateBuilder_Should_Set_Alias_Correctly()
[xUnit.net 00:00:00.58]            at System.RuntimeMethodHandle.InvokeMethod(Object target, Void** arguments, Signature sig, Boolean isConstructor)
[xUnit.net 00:00:00.58]            at System.Reflection.MethodBaseInvoker.InvokeWithNoArgs(Object obj, BindingFlags invokeAttr)
[xUnit.net 00:00:00.58]       Expected contentType.Alias to be "testContentType", but found <null>.
[xUnit.net 00:00:00.58]       Stack Trace:
[xUnit.net 00:00:00.58]            at FluentAssertions.Execution.XUnit2TestFramework.Throw(String message)
[xUnit.net 00:00:00.58]            at FluentAssertions.Execution.TestFrameworkProvider.Throw(String message)
[xUnit.net 00:00:00.58]            at FluentAssertions.Execution.DefaultAssertionStrategy.HandleFailure(String message)
[xUnit.net 00:00:00.58]            at FluentAssertions.Execution.AssertionScope.FailWith(Func`1 failReasonFunc)
[xUnit.net 00:00:00.58]            at FluentAssertions.Execution.AssertionScope.FailWith(Func`1 failReasonFunc)
[xUnit.net 00:00:00.58]            at FluentAssertions.Execution.AssertionScope.FailWith(String message, Object[] args)
[xUnit.net 00:00:00.58]            at FluentAssertions.Primitives.StringValidator.ValidateAgainstNulls()
[xUnit.net 00:00:00.58]            at FluentAssertions.Primitives.StringValidator.Validate()
[xUnit.net 00:00:00.58]            at FluentAssertions.Primitives.StringAssertions`1.Be(String expected, String because, Object[] becauseArgs)
[xUnit.net 00:00:00.58]         /workspace/src/Plugins/Umbraco.DocTypeBuilder.Tests/DocumentTypeBuilderTests.cs(277,0): at Umbraco.DocTypeBuilder.Tests.DocumentTypeBuilderTests.DocumentTypeBuilder_Should_Chain_All_Configuration_Methods()
[xUnit.net 00:00:00.58]            at System.RuntimeMethodHandle.InvokeMethod(Object target, Void** arguments, Signature sig, Boolean isConstructor)
[xUnit.net 00:00:00.58]            at System.Reflection.MethodBaseInvoker.InvokeWithNoArgs(Object obj, BindingFlags invokeAttr)
  Failed Umbraco.DocTypeBuilder.Tests.TabBuilderTests.TabBuilder_Should_Handle_Null_Configuration_Action [1 ms]
  Error Message:
   Expected property.Alias to be "title", but found <null>.
  Stack Trace:
     at FluentAssertions.Execution.XUnit2TestFramework.Throw(String message)
   at FluentAssertions.Execution.TestFrameworkProvider.Throw(String message)
   at FluentAssertions.Execution.DefaultAssertionStrategy.HandleFailure(String message)
   at FluentAssertions.Execution.AssertionScope.FailWith(Func`1 failReasonFunc)
   at FluentAssertions.Execution.AssertionScope.FailWith(Func`1 failReasonFunc)
   at FluentAssertions.Execution.AssertionScope.FailWith(String message, Object[] args)
   at FluentAssertions.Primitives.StringValidator.ValidateAgainstNulls()
   at FluentAssertions.Primitives.StringValidator.Validate()
   at FluentAssertions.Primitives.StringAssertions`1.Be(String expected, String because, Object[] becauseArgs)
   at Umbraco.DocTypeBuilder.Tests.TabBuilderTests.TabBuilder_Should_Handle_Null_Configuration_Action() in /workspace/src/Plugins/Umbraco.DocTypeBuilder.Tests/TabBuilderTests.cs:line 293
   at System.RuntimeMethodHandle.InvokeMethod(Object target, Void** arguments, Signature sig, Boolean isConstructor)
   at System.Reflection.MethodBaseInvoker.InvokeWithNoArgs(Object obj, BindingFlags invokeAttr)
  Passed Umbraco.DocTypeBuilder.Tests.TabBuilderTests.TabBuilder_Should_Set_Alias_Correctly [< 1 ms]
  Failed Umbraco.DocTypeBuilder.Tests.TemplateBuilderTests.TemplateBuilder_Should_Set_Alias_Correctly [1 ms]
  Error Message:
   Expected template.Alias to be "homePageTemplate", but found <null>.
  Stack Trace:
     at FluentAssertions.Execution.XUnit2TestFramework.Throw(String message)
   at FluentAssertions.Execution.TestFrameworkProvider.Throw(String message)
   at FluentAssertions.Execution.DefaultAssertionStrategy.HandleFailure(String message)
   at FluentAssertions.Execution.AssertionScope.FailWith(Func`1 failReasonFunc)
   at FluentAssertions.Execution.AssertionScope.FailWith(Func`1 failReasonFunc)
   at FluentAssertions.Execution.AssertionScope.FailWith(String message, Object[] args)
   at FluentAssertions.Primitives.StringValidator.ValidateAgainstNulls()
   at FluentAssertions.Primitives.StringValidator.Validate()
   at FluentAssertions.Primitives.StringAssertions`1.Be(String expected, String because, Object[] becauseArgs)
   at Umbraco.DocTypeBuilder.Tests.TemplateBuilderTests.TemplateBuilder_Should_Set_Alias_Correctly() in /workspace/src/Plugins/Umbraco.DocTypeBuilder.Tests/TemplateBuilderTests.cs:line 69
   at System.RuntimeMethodHandle.InvokeMethod(Object target, Void** arguments, Signature sig, Boolean isConstructor)
   at System.Reflection.MethodBaseInvoker.InvokeWithNoArgs(Object obj, BindingFlags invokeAttr)
  Passed Umbraco.DocTypeBuilder.Tests.TemplateBuilderTests.TemplateBuilder_Should_Add_SEO_Tags_With_OpenGraph [< 1 ms]
  Passed Umbraco.DocTypeBuilder.Tests.IntegrationTests.Integration_Should_Handle_Multiple_Document_Types_With_Different_Configurations [10 ms]
  Failed Umbraco.DocTypeBuilder.Tests.DocumentTypeBuilderTests.DocumentTypeBuilder_Should_Chain_All_Configuration_Methods [18 ms]
  Error Message:
   Expected contentType.Alias to be "testContentType", but found <null>.
  Stack Trace:
     at FluentAssertions.Execution.XUnit2TestFramework.Throw(String message)
   at FluentAssertions.Execution.TestFrameworkProvider.Throw(String message)
   at FluentAssertions.Execution.DefaultAssertionStrategy.HandleFailure(String message)
   at FluentAssertions.Execution.AssertionScope.FailWith(Func`1 failReasonFunc)
   at FluentAssertions.Execution.AssertionScope.FailWith(Func`1 failReasonFunc)
   at FluentAssertions.Execution.AssertionScope.FailWith(String message, Object[] args)
   at FluentAssertions.Primitives.StringValidator.ValidateAgainstNulls()
   at FluentAssertions.Primitives.StringValidator.Validate()
   at FluentAssertions.Primitives.StringAssertions`1.Be(String expected, String because, Object[] becauseArgs)
   at Umbraco.DocTypeBuilder.Tests.DocumentTypeBuilderTests.DocumentTypeBuilder_Should_Chain_All_Configuration_Methods() in /workspace/src/Plugins/Umbraco.DocTypeBuilder.Tests/DocumentTypeBuilderTests.cs:line 277
   at System.RuntimeMethodHandle.InvokeMethod(Object target, Void** arguments, Signature sig, Boolean isConstructor)
   at System.Reflection.MethodBaseInvoker.InvokeWithNoArgs(Object obj, BindingFlags invokeAttr)
[xUnit.net 00:00:00.58]       Expected template.Alias to be "completeTemplate", but found <null>.
[xUnit.net 00:00:00.59]       Stack Trace:
[xUnit.net 00:00:00.59]            at FluentAssertions.Execution.XUnit2TestFramework.Throw(String message)
[xUnit.net 00:00:00.59]            at FluentAssertions.Execution.TestFrameworkProvider.Throw(String message)
[xUnit.net 00:00:00.59]            at FluentAssertions.Execution.DefaultAssertionStrategy.HandleFailure(String message)
[xUnit.net 00:00:00.59]            at FluentAssertions.Execution.AssertionScope.FailWith(Func`1 failReasonFunc)
[xUnit.net 00:00:00.59]            at FluentAssertions.Execution.AssertionScope.FailWith(Func`1 failReasonFunc)
[xUnit.net 00:00:00.59]            at FluentAssertions.Execution.AssertionScope.FailWith(String message, Object[] args)
[xUnit.net 00:00:00.59]            at FluentAssertions.Primitives.StringValidator.ValidateAgainstNulls()
[xUnit.net 00:00:00.59]            at FluentAssertions.Primitives.StringValidator.Validate()
[xUnit.net 00:00:00.59]            at FluentAssertions.Primitives.StringAssertions`1.Be(String expected, String because, Object[] becauseArgs)
[xUnit.net 00:00:00.59]         /workspace/src/Plugins/Umbraco.DocTypeBuilder.Tests/TemplateBuilderTests.cs(482,0): at Umbraco.DocTypeBuilder.Tests.TemplateBuilderTests.TemplateBuilder_Should_Chain_All_Configuration_Methods()
[xUnit.net 00:00:00.59]            at System.RuntimeMethodHandle.InvokeMethod(Object target, Void** arguments, Signature sig, Boolean isConstructor)
[xUnit.net 00:00:00.59]            at System.Reflection.MethodBaseInvoker.InvokeWithNoArgs(Object obj, BindingFlags invokeAttr)
[xUnit.net 00:00:00.59]       Expected contentType.Alias to be "testAlias", but found <null>.
[xUnit.net 00:00:00.59]       Stack Trace:
[xUnit.net 00:00:00.59]            at FluentAssertions.Execution.XUnit2TestFramework.Throw(String message)
[xUnit.net 00:00:00.59]            at FluentAssertions.Execution.TestFrameworkProvider.Throw(String message)
[xUnit.net 00:00:00.59]            at FluentAssertions.Execution.DefaultAssertionStrategy.HandleFailure(String message)
[xUnit.net 00:00:00.59]            at FluentAssertions.Execution.AssertionScope.FailWith(Func`1 failReasonFunc)
[xUnit.net 00:00:00.59]            at FluentAssertions.Execution.AssertionScope.FailWith(Func`1 failReasonFunc)
[xUnit.net 00:00:00.59]            at FluentAssertions.Execution.AssertionScope.FailWith(String message, Object[] args)
[xUnit.net 00:00:00.59]            at FluentAssertions.Primitives.StringValidator.ValidateAgainstNulls()
[xUnit.net 00:00:00.59]            at FluentAssertions.Primitives.StringValidator.Validate()
[xUnit.net 00:00:00.59]            at FluentAssertions.Primitives.StringAssertions`1.Be(String expected, String because, Object[] becauseArgs)
[xUnit.net 00:00:00.59]         /workspace/src/Plugins/Umbraco.DocTypeBuilder.Tests/DocumentTypeBuilderTests.cs(56,0): at Umbraco.DocTypeBuilder.Tests.DocumentTypeBuilderTests.DocumentTypeBuilder_Should_Set_Alias_Correctly()
[xUnit.net 00:00:00.59]            at System.RuntimeMethodHandle.InvokeMethod(Object target, Void** arguments, Signature sig, Boolean isConstructor)
[xUnit.net 00:00:00.59]            at System.Reflection.MethodBaseInvoker.InvokeWithNoArgs(Object obj, BindingFlags invokeAttr)
[xUnit.net 00:00:00.59]       Expected property.Alias to be "title", but found <null>.
[xUnit.net 00:00:00.59]       Stack Trace:
[xUnit.net 00:00:00.59]            at FluentAssertions.Execution.XUnit2TestFramework.Throw(String message)
[xUnit.net 00:00:00.59]            at FluentAssertions.Execution.TestFrameworkProvider.Throw(String message)
[xUnit.net 00:00:00.59]            at FluentAssertions.Execution.DefaultAssertionStrategy.HandleFailure(String message)
[xUnit.net 00:00:00.59]            at FluentAssertions.Execution.AssertionScope.FailWith(Func`1 failReasonFunc)
[xUnit.net 00:00:00.59]            at FluentAssertions.Execution.AssertionScope.FailWith(Func`1 failReasonFunc)
[xUnit.net 00:00:00.59]            at FluentAssertions.Execution.AssertionScope.FailWith(String message, Object[] args)
[xUnit.net 00:00:00.59]            at FluentAssertions.Primitives.StringValidator.ValidateAgainstNulls()
[xUnit.net 00:00:00.59]            at FluentAssertions.Primitives.StringValidator.Validate()
[xUnit.net 00:00:00.59]            at FluentAssertions.Primitives.StringAssertions`1.Be(String expected, String because, Object[] becauseArgs)
[xUnit.net 00:00:00.59]         /workspace/src/Plugins/Umbraco.DocTypeBuilder.Tests/TabBuilderTests.cs(391,0): at Umbraco.DocTypeBuilder.Tests.TabBuilderTests.TabBuilder_Should_Handle_Empty_Property_Configuration()
[xUnit.net 00:00:00.59]            at System.RuntimeMethodHandle.InvokeMethod(Object target, Void** arguments, Signature sig, Boolean isConstructor)
[xUnit.net 00:00:00.59]            at System.Reflection.MethodBaseInvoker.InvokeWithNoArgs(Object obj, BindingFlags invokeAttr)
  Passed Umbraco.DocTypeBuilder.Tests.DocumentTypeBuilderTests.DocumentTypeBuilder_Should_Set_IsElement_With_Default_Parameter [< 1 ms]
  Passed Umbraco.DocTypeBuilder.Tests.DocumentTypeBuilderTests.DocumentTypeBuilder_Should_Set_IsElement_False [< 1 ms]
  Failed Umbraco.DocTypeBuilder.Tests.TemplateBuilderTests.TemplateBuilder_Should_Chain_All_Configuration_Methods [1 ms]
  Error Message:
   Expected template.Alias to be "completeTemplate", but found <null>.
  Stack Trace:
     at FluentAssertions.Execution.XUnit2TestFramework.Throw(String message)
   at FluentAssertions.Execution.TestFrameworkProvider.Throw(String message)
   at FluentAssertions.Execution.DefaultAssertionStrategy.HandleFailure(String message)
   at FluentAssertions.Execution.AssertionScope.FailWith(Func`1 failReasonFunc)
   at FluentAssertions.Execution.AssertionScope.FailWith(Func`1 failReasonFunc)
   at FluentAssertions.Execution.AssertionScope.FailWith(String message, Object[] args)
   at FluentAssertions.Primitives.StringValidator.ValidateAgainstNulls()
   at FluentAssertions.Primitives.StringValidator.Validate()
   at FluentAssertions.Primitives.StringAssertions`1.Be(String expected, String because, Object[] becauseArgs)
   at Umbraco.DocTypeBuilder.Tests.TemplateBuilderTests.TemplateBuilder_Should_Chain_All_Configuration_Methods() in /workspace/src/Plugins/Umbraco.DocTypeBuilder.Tests/TemplateBuilderTests.cs:line 482
   at System.RuntimeMethodHandle.InvokeMethod(Object target, Void** arguments, Signature sig, Boolean isConstructor)
   at System.Reflection.MethodBaseInvoker.InvokeWithNoArgs(Object obj, BindingFlags invokeAttr)
  Passed Umbraco.DocTypeBuilder.Tests.TabBuilderTests.TabBuilder_Should_Create_Basic_Tab_With_Required_Fields [3 ms]
  Failed Umbraco.DocTypeBuilder.Tests.DocumentTypeBuilderTests.DocumentTypeBuilder_Should_Set_Alias_Correctly [1 ms]
  Error Message:
   Expected contentType.Alias to be "testAlias", but found <null>.
  Stack Trace:
     at FluentAssertions.Execution.XUnit2TestFramework.Throw(String message)
   at FluentAssertions.Execution.TestFrameworkProvider.Throw(String message)
   at FluentAssertions.Execution.DefaultAssertionStrategy.HandleFailure(String message)
   at FluentAssertions.Execution.AssertionScope.FailWith(Func`1 failReasonFunc)
   at FluentAssertions.Execution.AssertionScope.FailWith(Func`1 failReasonFunc)
   at FluentAssertions.Execution.AssertionScope.FailWith(String message, Object[] args)
   at FluentAssertions.Primitives.StringValidator.ValidateAgainstNulls()
   at FluentAssertions.Primitives.StringValidator.Validate()
   at FluentAssertions.Primitives.StringAssertions`1.Be(String expected, String because, Object[] becauseArgs)
   at Umbraco.DocTypeBuilder.Tests.DocumentTypeBuilderTests.DocumentTypeBuilder_Should_Set_Alias_Correctly() in /workspace/src/Plugins/Umbraco.DocTypeBuilder.Tests/DocumentTypeBuilderTests.cs:line 56
   at System.RuntimeMethodHandle.InvokeMethod(Object target, Void** arguments, Signature sig, Boolean isConstructor)
   at System.Reflection.MethodBaseInvoker.InvokeWithNoArgs(Object obj, BindingFlags invokeAttr)
  Failed Umbraco.DocTypeBuilder.Tests.TabBuilderTests.TabBuilder_Should_Handle_Empty_Property_Configuration [1 ms]
  Error Message:
   Expected property.Alias to be "title", but found <null>.
  Stack Trace:
     at FluentAssertions.Execution.XUnit2TestFramework.Throw(String message)
   at FluentAssertions.Execution.TestFrameworkProvider.Throw(String message)
   at FluentAssertions.Execution.DefaultAssertionStrategy.HandleFailure(String message)
   at FluentAssertions.Execution.AssertionScope.FailWith(Func`1 failReasonFunc)
   at FluentAssertions.Execution.AssertionScope.FailWith(Func`1 failReasonFunc)
   at FluentAssertions.Execution.AssertionScope.FailWith(String message, Object[] args)
   at FluentAssertions.Primitives.StringValidator.ValidateAgainstNulls()
   at FluentAssertions.Primitives.StringValidator.Validate()
   at FluentAssertions.Primitives.StringAssertions`1.Be(String expected, String because, Object[] becauseArgs)
   at Umbraco.DocTypeBuilder.Tests.TabBuilderTests.TabBuilder_Should_Handle_Empty_Property_Configuration() in /workspace/src/Plugins/Umbraco.DocTypeBuilder.Tests/TabBuilderTests.cs:line 391
   at System.RuntimeMethodHandle.InvokeMethod(Object target, Void** arguments, Signature sig, Boolean isConstructor)
   at System.Reflection.MethodBaseInvoker.InvokeWithNoArgs(Object obj, BindingFlags invokeAttr)
  Passed Umbraco.DocTypeBuilder.Tests.TabBuilderTests.TabBuilder_Should_Add_Checkbox_Property [< 1 ms]
  Passed Umbraco.DocTypeBuilder.Tests.IntegrationTests.Integration_Should_Create_E_Commerce_Product_With_Inheritance [4 ms]
[xUnit.net 00:00:00.59]       System.InvalidOperationException : Sequence contains no matching element
[xUnit.net 00:00:00.59]       Stack Trace:
[xUnit.net 00:00:00.59]            at System.Linq.ThrowHelper.ThrowNoMatchException()
[xUnit.net 00:00:00.59]            at System.Linq.Enumerable.First[TSource](IEnumerable`1 source, Func`2 predicate)
[xUnit.net 00:00:00.59]         /workspace/src/Plugins/Umbraco.DocTypeBuilder.Tests/IntegrationTests.cs(272,0): at Umbraco.DocTypeBuilder.Tests.IntegrationTests.Integration_Should_Create_Block_Grid_Element_Types()
[xUnit.net 00:00:00.59]            at System.RuntimeMethodHandle.InvokeMethod(Object target, Void** arguments, Signature sig, Boolean isConstructor)
[xUnit.net 00:00:00.59]            at System.Reflection.MethodBaseInvoker.InvokeWithNoArgs(Object obj, BindingFlags invokeAttr)
[xUnit.net 00:00:00.60]       Expected tab.PropertyTypes! 
[xUnit.net 00:00:00.60]       {
[xUnit.net 00:00:00.60]           Umbraco.Cms.Core.Models.PropertyType
[xUnit.net 00:00:00.60]           {
[xUnit.net 00:00:00.60]               Alias = <null>, 
[xUnit.net 00:00:00.60]               CreateDate = <0001-01-01 00:00:00.000>, 
[xUnit.net 00:00:00.60]               DataTypeId = 0, 
[xUnit.net 00:00:00.60]               DataTypeKey = {00000000-0000-0000-0000-000000000000}, 
[xUnit.net 00:00:00.60]               DeleteDate = <null>, 
[xUnit.net 00:00:00.60]               Description = "Page title", 
[xUnit.net 00:00:00.60]               HasIdentity = False, 
[xUnit.net 00:00:00.60]               Id = 0, 
[xUnit.net 00:00:00.60]               Key = {0b153248-a2c4-4ca9-85d8-21f644e895be}, 
[xUnit.net 00:00:00.60]               LabelOnTop = False, 
[xUnit.net 00:00:00.60]               Mandatory = True, 
[xUnit.net 00:00:00.60]               MandatoryMessage = <null>, 
[xUnit.net 00:00:00.60]               Name = "Title", 
[xUnit.net 00:00:00.60]               PropertyEditorAlias = "Umbraco.TextBox", 
[xUnit.net 00:00:00.60]               PropertyGroupId = <null>, 
[xUnit.net 00:00:00.60]               SortOrder = 0, 
[xUnit.net 00:00:00.60]               SupportsPublishing = True, 
[xUnit.net 00:00:00.60]               UpdateDate = <0001-01-01 00:00:00.000>, 
[xUnit.net 00:00:00.60]               ValidationRegExp = <null>, 
[xUnit.net 00:00:00.60]               ValidationRegExpMessage = <null>, 
[xUnit.net 00:00:00.60]               ValueStorageType = ValueStorageType.Nvarchar {value: 1}, 
[xUnit.net 00:00:00.60]               Variations = ContentVariation.Nothing {value: 0}
[xUnit.net 00:00:00.60]           }, 
[xUnit.net 00:00:00.60]           Umbraco.Cms.Core.Models.PropertyType
[xUnit.net 00:00:00.60]           {
[xUnit.net 00:00:00.60]               Alias = <null>, 
[xUnit.net 00:00:00.60]               CreateDate = <0001-01-01 00:00:00.000>, 
[xUnit.net 00:00:00.60]               DataTypeId = 0, 
[xUnit.net 00:00:00.60]               DataTypeKey = {00000000-0000-0000-0000-000000000000}, 
[xUnit.net 00:00:00.60]               DeleteDate = <null>, 
[xUnit.net 00:00:00.60]               Description = <null>, 
[xUnit.net 00:00:00.60]               HasIdentity = False, 
[xUnit.net 00:00:00.60]               Id = 0, 
[xUnit.net 00:00:00.60]               Key = {e0ff4837-a2b1-437c-84b6-c4e907eeeba5}, 
[xUnit.net 00:00:00.60]               LabelOnTop = False, 
[xUnit.net 00:00:00.60]               Mandatory = False, 
[xUnit.net 00:00:00.60]               MandatoryMessage = <null>, 
[xUnit.net 00:00:00.60]               Name = "Summary", 
[xUnit.net 00:00:00.60]               PropertyEditorAlias = "Umbraco.TextArea", 
[xUnit.net 00:00:00.60]               PropertyGroupId = <null>, 
[xUnit.net 00:00:00.60]               SortOrder = 1, 
[xUnit.net 00:00:00.60]               SupportsPublishing = True, 
[xUnit.net 00:00:00.60]               UpdateDate = <0001-01-01 00:00:00.000>, 
[xUnit.net 00:00:00.60]               ValidationRegExp = <null>, 
[xUnit.net 00:00:00.60]               ValidationRegExpMessage = <null>, 
[xUnit.net 00:00:00.60]               ValueStorageType = ValueStorageType.Nvarchar {value: 1}, 
[xUnit.net 00:00:00.60]               Variations = ContentVariation.Nothing {value: 0}
[xUnit.net 00:00:00.60]           }
[xUnit.net 00:00:00.60]       } to have an item matching (p.Alias == "title").
[xUnit.net 00:00:00.60]       Stack Trace:
[xUnit.net 00:00:00.60]            at FluentAssertions.Execution.XUnit2TestFramework.Throw(String message)
[xUnit.net 00:00:00.60]            at FluentAssertions.Execution.TestFrameworkProvider.Throw(String message)
[xUnit.net 00:00:00.60]            at FluentAssertions.Execution.DefaultAssertionStrategy.HandleFailure(String message)
[xUnit.net 00:00:00.60]            at FluentAssertions.Execution.AssertionScope.FailWith(Func`1 failReasonFunc)
[xUnit.net 00:00:00.60]            at FluentAssertions.Execution.AssertionScope.FailWith(Func`1 failReasonFunc)
[xUnit.net 00:00:00.60]            at FluentAssertions.Execution.AssertionScope.FailWith(String message, Object[] args)
[xUnit.net 00:00:00.60]            at FluentAssertions.Collections.GenericCollectionAssertions`3.Contain(Expression`1 predicate, String because, Object[] becauseArgs)
[xUnit.net 00:00:00.60]         /workspace/src/Plugins/Umbraco.DocTypeBuilder.Tests/DocumentTypeBuilderTests.cs(230,0): at Umbraco.DocTypeBuilder.Tests.DocumentTypeBuilderTests.DocumentTypeBuilder_Should_Add_Tab_With_Properties()
[xUnit.net 00:00:00.60]            at System.RuntimeMethodHandle.InvokeMethod(Object target, Void** arguments, Signature sig, Boolean isConstructor)
[xUnit.net 00:00:00.60]            at System.Reflection.MethodBaseInvoker.InvokeWithNoArgs(Object obj, BindingFlags invokeAttr)
[xUnit.net 00:00:00.61]       Expected elementType.Alias to be "heroBlock", but found <null>.
[xUnit.net 00:00:00.61]       Stack Trace:
[xUnit.net 00:00:00.61]            at FluentAssertions.Execution.XUnit2TestFramework.Throw(String message)
[xUnit.net 00:00:00.61]            at FluentAssertions.Execution.TestFrameworkProvider.Throw(String message)
[xUnit.net 00:00:00.61]            at FluentAssertions.Execution.DefaultAssertionStrategy.HandleFailure(String message)
[xUnit.net 00:00:00.61]            at FluentAssertions.Execution.AssertionScope.FailWith(Func`1 failReasonFunc)
[xUnit.net 00:00:00.61]            at FluentAssertions.Execution.AssertionScope.FailWith(Func`1 failReasonFunc)
[xUnit.net 00:00:00.61]            at FluentAssertions.Execution.AssertionScope.FailWith(String message, Object[] args)
[xUnit.net 00:00:00.61]            at FluentAssertions.Primitives.StringValidator.ValidateAgainstNulls()
[xUnit.net 00:00:00.61]            at FluentAssertions.Primitives.StringValidator.Validate()
[xUnit.net 00:00:00.61]            at FluentAssertions.Primitives.StringAssertions`1.Be(String expected, String because, Object[] becauseArgs)
[xUnit.net 00:00:00.61]         /workspace/src/Plugins/Umbraco.DocTypeBuilder.Tests/DocumentTypeBuilderTests.cs(366,0): at Umbraco.DocTypeBuilder.Tests.DocumentTypeBuilderTests.DocumentTypeBuilder_Should_Create_Element_Type_For_Block_Grid()
[xUnit.net 00:00:00.61]            at System.RuntimeMethodHandle.InvokeMethod(Object target, Void** arguments, Signature sig, Boolean isConstructor)
[xUnit.net 00:00:00.61]            at System.Reflection.MethodBaseInvoker.InvokeWithNoArgs(Object obj, BindingFlags invokeAttr)
[xUnit.net 00:00:00.61]       Expected contentType1.Alias to be "type1", but found <null>.
[xUnit.net 00:00:00.61]       Stack Trace:
[xUnit.net 00:00:00.61]            at FluentAssertions.Execution.XUnit2TestFramework.Throw(String message)
[xUnit.net 00:00:00.61]            at FluentAssertions.Execution.TestFrameworkProvider.Throw(String message)
[xUnit.net 00:00:00.61]            at FluentAssertions.Execution.DefaultAssertionStrategy.HandleFailure(String message)
[xUnit.net 00:00:00.61]            at FluentAssertions.Execution.AssertionScope.FailWith(Func`1 failReasonFunc)
[xUnit.net 00:00:00.61]            at FluentAssertions.Execution.AssertionScope.FailWith(Func`1 failReasonFunc)
[xUnit.net 00:00:00.61]            at FluentAssertions.Execution.AssertionScope.FailWith(String message, Object[] args)
[xUnit.net 00:00:00.61]            at FluentAssertions.Primitives.StringValidator.ValidateAgainstNulls()
[xUnit.net 00:00:00.61]            at FluentAssertions.Primitives.StringValidator.Validate()
[xUnit.net 00:00:00.61]            at FluentAssertions.Primitives.StringAssertions`1.Be(String expected, String because, Object[] becauseArgs)
[xUnit.net 00:00:00.61]         /workspace/src/Plugins/Umbraco.DocTypeBuilder.Tests/DocumentTypeBuilderTests.cs(341,0): at Umbraco.DocTypeBuilder.Tests.DocumentTypeBuilderTests.DocumentTypeBuilder_Should_Build_Multiple_Different_ContentTypes()
[xUnit.net 00:00:00.61]            at System.RuntimeMethodHandle.InvokeMethod(Object target, Void** arguments, Signature sig, Boolean isConstructor)
[xUnit.net 00:00:00.61]            at System.Reflection.MethodBaseInvoker.InvokeWithNoArgs(Object obj, BindingFlags invokeAttr)
[xUnit.net 00:00:00.61]       Expected contentType.Alias to be "", but found <null>.
[xUnit.net 00:00:00.61]       Stack Trace:
[xUnit.net 00:00:00.61]            at FluentAssertions.Execution.XUnit2TestFramework.Throw(String message)
[xUnit.net 00:00:00.61]            at FluentAssertions.Execution.TestFrameworkProvider.Throw(String message)
[xUnit.net 00:00:00.61]            at FluentAssertions.Execution.DefaultAssertionStrategy.HandleFailure(String message)
[xUnit.net 00:00:00.61]            at FluentAssertions.Execution.AssertionScope.FailWith(Func`1 failReasonFunc)
[xUnit.net 00:00:00.61]            at FluentAssertions.Execution.AssertionScope.FailWith(Func`1 failReasonFunc)
[xUnit.net 00:00:00.61]            at FluentAssertions.Execution.AssertionScope.FailWith(String message, Object[] args)
[xUnit.net 00:00:00.61]            at FluentAssertions.Primitives.StringValidator.ValidateAgainstNulls()
[xUnit.net 00:00:00.61]            at FluentAssertions.Primitives.StringValidator.Validate()
[xUnit.net 00:00:00.61]            at FluentAssertions.Primitives.StringAssertions`1.Be(String expected, String because, Object[] becauseArgs)
[xUnit.net 00:00:00.61]         /workspace/src/Plugins/Umbraco.DocTypeBuilder.Tests/DocumentTypeBuilderTests.cs(314,0): at Umbraco.DocTypeBuilder.Tests.DocumentTypeBuilderTests.DocumentTypeBuilder_Should_Handle_Empty_String_Values()
[xUnit.net 00:00:00.61]            at System.RuntimeMethodHandle.InvokeMethod(Object target, Void** arguments, Signature sig, Boolean isConstructor)
[xUnit.net 00:00:00.61]            at System.Reflection.MethodBaseInvoker.InvokeWithNoArgs(Object obj, BindingFlags invokeAttr)
  Passed Umbraco.DocTypeBuilder.Tests.DocumentTypeBuilderTests.DocumentTypeBuilder_Should_Add_Multiple_Tabs [2 ms]
  Failed Umbraco.DocTypeBuilder.Tests.IntegrationTests.Integration_Should_Create_Block_Grid_Element_Types [2 ms]
  Error Message:
   System.InvalidOperationException : Sequence contains no matching element
  Stack Trace:
     at System.Linq.ThrowHelper.ThrowNoMatchException()
   at System.Linq.Enumerable.First[TSource](IEnumerable`1 source, Func`2 predicate)
   at Umbraco.DocTypeBuilder.Tests.IntegrationTests.Integration_Should_Create_Block_Grid_Element_Types() in /workspace/src/Plugins/Umbraco.DocTypeBuilder.Tests/IntegrationTests.cs:line 272
   at System.RuntimeMethodHandle.InvokeMethod(Object target, Void** arguments, Signature sig, Boolean isConstructor)
   at System.Reflection.MethodBaseInvoker.InvokeWithNoArgs(Object obj, BindingFlags invokeAttr)
  Failed Umbraco.DocTypeBuilder.Tests.DocumentTypeBuilderTests.DocumentTypeBuilder_Should_Add_Tab_With_Properties [19 ms]
  Error Message:
   Expected tab.PropertyTypes! 
{
    Umbraco.Cms.Core.Models.PropertyType
    {
        Alias = <null>, 
        CreateDate = <0001-01-01 00:00:00.000>, 
        DataTypeId = 0, 
        DataTypeKey = {00000000-0000-0000-0000-000000000000}, 
        DeleteDate = <null>, 
        Description = "Page title", 
        HasIdentity = False, 
        Id = 0, 
        Key = {0b153248-a2c4-4ca9-85d8-21f644e895be}, 
        LabelOnTop = False, 
        Mandatory = True, 
        MandatoryMessage = <null>, 
        Name = "Title", 
        PropertyEditorAlias = "Umbraco.TextBox", 
        PropertyGroupId = <null>, 
        SortOrder = 0, 
        SupportsPublishing = True, 
        UpdateDate = <0001-01-01 00:00:00.000>, 
        ValidationRegExp = <null>, 
        ValidationRegExpMessage = <null>, 
        ValueStorageType = ValueStorageType.Nvarchar {value: 1}, 
        Variations = ContentVariation.Nothing {value: 0}
    }, 
    Umbraco.Cms.Core.Models.PropertyType
    {
        Alias = <null>, 
        CreateDate = <0001-01-01 00:00:00.000>, 
        DataTypeId = 0, 
        DataTypeKey = {00000000-0000-0000-0000-000000000000}, 
        DeleteDate = <null>, 
        Description = <null>, 
        HasIdentity = False, 
        Id = 0, 
        Key = {e0ff4837-a2b1-437c-84b6-c4e907eeeba5}, 
        LabelOnTop = False, 
        Mandatory = False, 
        MandatoryMessage = <null>, 
        Name = "Summary", 
        PropertyEditorAlias = "Umbraco.TextArea", 
        PropertyGroupId = <null>, 
        SortOrder = 1, 
        SupportsPublishing = True, 
        UpdateDate = <0001-01-01 00:00:00.000>, 
        ValidationRegExp = <null>, 
        ValidationRegExpMessage = <null>, 
        ValueStorageType = ValueStorageType.Nvarchar {value: 1}, 
        Variations = ContentVariation.Nothing {value: 0}
    }
} to have an item matching (p.Alias == "title").
  Stack Trace:
     at FluentAssertions.Execution.XUnit2TestFramework.Throw(String message)
   at FluentAssertions.Execution.TestFrameworkProvider.Throw(String message)
   at FluentAssertions.Execution.DefaultAssertionStrategy.HandleFailure(String message)
   at FluentAssertions.Execution.AssertionScope.FailWith(Func`1 failReasonFunc)
   at FluentAssertions.Execution.AssertionScope.FailWith(Func`1 failReasonFunc)
   at FluentAssertions.Execution.AssertionScope.FailWith(String message, Object[] args)
   at FluentAssertions.Collections.GenericCollectionAssertions`3.Contain(Expression`1 predicate, String because, Object[] becauseArgs)
   at Umbraco.DocTypeBuilder.Tests.DocumentTypeBuilderTests.DocumentTypeBuilder_Should_Add_Tab_With_Properties() in /workspace/src/Plugins/Umbraco.DocTypeBuilder.Tests/DocumentTypeBuilderTests.cs:line 230
   at System.RuntimeMethodHandle.InvokeMethod(Object target, Void** arguments, Signature sig, Boolean isConstructor)
   at System.Reflection.MethodBaseInvoker.InvokeWithNoArgs(Object obj, BindingFlags invokeAttr)
  Failed Umbraco.DocTypeBuilder.Tests.DocumentTypeBuilderTests.DocumentTypeBuilder_Should_Create_Element_Type_For_Block_Grid [2 ms]
  Error Message:
   Expected elementType.Alias to be "heroBlock", but found <null>.
  Stack Trace:
     at FluentAssertions.Execution.XUnit2TestFramework.Throw(String message)
   at FluentAssertions.Execution.TestFrameworkProvider.Throw(String message)
   at FluentAssertions.Execution.DefaultAssertionStrategy.HandleFailure(String message)
   at FluentAssertions.Execution.AssertionScope.FailWith(Func`1 failReasonFunc)
   at FluentAssertions.Execution.AssertionScope.FailWith(Func`1 failReasonFunc)
   at FluentAssertions.Execution.AssertionScope.FailWith(String message, Object[] args)
   at FluentAssertions.Primitives.StringValidator.ValidateAgainstNulls()
   at FluentAssertions.Primitives.StringValidator.Validate()
   at FluentAssertions.Primitives.StringAssertions`1.Be(String expected, String because, Object[] becauseArgs)
   at Umbraco.DocTypeBuilder.Tests.DocumentTypeBuilderTests.DocumentTypeBuilder_Should_Create_Element_Type_For_Block_Grid() in /workspace/src/Plugins/Umbraco.DocTypeBuilder.Tests/DocumentTypeBuilderTests.cs:line 366
   at System.RuntimeMethodHandle.InvokeMethod(Object target, Void** arguments, Signature sig, Boolean isConstructor)
   at System.Reflection.MethodBaseInvoker.InvokeWithNoArgs(Object obj, BindingFlags invokeAttr)
  Failed Umbraco.DocTypeBuilder.Tests.DocumentTypeBuilderTests.DocumentTypeBuilder_Should_Build_Multiple_Different_ContentTypes [1 ms]
  Error Message:
   Expected contentType1.Alias to be "type1", but found <null>.
  Stack Trace:
     at FluentAssertions.Execution.XUnit2TestFramework.Throw(String message)
   at FluentAssertions.Execution.TestFrameworkProvider.Throw(String message)
   at FluentAssertions.Execution.DefaultAssertionStrategy.HandleFailure(String message)
   at FluentAssertions.Execution.AssertionScope.FailWith(Func`1 failReasonFunc)
   at FluentAssertions.Execution.AssertionScope.FailWith(Func`1 failReasonFunc)
   at FluentAssertions.Execution.AssertionScope.FailWith(String message, Object[] args)
   at FluentAssertions.Primitives.StringValidator.ValidateAgainstNulls()
   at FluentAssertions.Primitives.StringValidator.Validate()
   at FluentAssertions.Primitives.StringAssertions`1.Be(String expected, String because, Object[] becauseArgs)
   at Umbraco.DocTypeBuilder.Tests.DocumentTypeBuilderTests.DocumentTypeBuilder_Should_Build_Multiple_Different_ContentTypes() in /workspace/src/Plugins/Umbraco.DocTypeBuilder.Tests/DocumentTypeBuilderTests.cs:line 341
   at System.RuntimeMethodHandle.InvokeMethod(Object target, Void** arguments, Signature sig, Boolean isConstructor)
   at System.Reflection.MethodBaseInvoker.InvokeWithNoArgs(Object obj, BindingFlags invokeAttr)
  Failed Umbraco.DocTypeBuilder.Tests.DocumentTypeBuilderTests.DocumentTypeBuilder_Should_Handle_Empty_String_Values [1 ms]
  Error Message:
   Expected contentType.Alias to be "", but found <null>.
  Stack Trace:
     at FluentAssertions.Execution.XUnit2TestFramework.Throw(String message)
   at FluentAssertions.Execution.TestFrameworkProvider.Throw(String message)
   at FluentAssertions.Execution.DefaultAssertionStrategy.HandleFailure(String message)
   at FluentAssertions.Execution.AssertionScope.FailWith(Func`1 failReasonFunc)
   at FluentAssertions.Execution.AssertionScope.FailWith(Func`1 failReasonFunc)
   at FluentAssertions.Execution.AssertionScope.FailWith(String message, Object[] args)
   at FluentAssertions.Primitives.StringValidator.ValidateAgainstNulls()
   at FluentAssertions.Primitives.StringValidator.Validate()
   at FluentAssertions.Primitives.StringAssertions`1.Be(String expected, String because, Object[] becauseArgs)
   at Umbraco.DocTypeBuilder.Tests.DocumentTypeBuilderTests.DocumentTypeBuilder_Should_Handle_Empty_String_Values() in /workspace/src/Plugins/Umbraco.DocTypeBuilder.Tests/DocumentTypeBuilderTests.cs:line 314
   at System.RuntimeMethodHandle.InvokeMethod(Object target, Void** arguments, Signature sig, Boolean isConstructor)
   at System.Reflection.MethodBaseInvoker.InvokeWithNoArgs(Object obj, BindingFlags invokeAttr)
  Passed Umbraco.DocTypeBuilder.Tests.DocumentTypeBuilderTests.DocumentTypeBuilder_Should_Not_Allow_At_Root_When_False [< 1 ms]
  Passed Umbraco.DocTypeBuilder.Tests.DocumentTypeBuilderTests.DocumentTypeBuilder_Should_Add_Composition [2 ms]
  Passed Umbraco.DocTypeBuilder.Tests.DocumentTypeBuilderTests.DocumentTypeBuilder_Should_Allow_At_Root_With_Default_Parameter [< 1 ms]
[xUnit.net 00:00:00.62]   Finished:    Umbraco.DocTypeBuilder.Tests
  Passed Umbraco.DocTypeBuilder.Tests.DocumentTypeBuilderTests.DocumentTypeBuilder_Should_Set_Icon_Correctly [< 1 ms]
  Passed Umbraco.DocTypeBuilder.Tests.DocumentTypeBuilderTests.DocumentTypeBuilder_Should_Set_Description_Correctly [< 1 ms]

Total tests: 103
     Passed: 80
     Failed: 23
 Total time: 1.0012 Seconds
       _VSTestConsole:
         MSB4181: The "VSTestTask" task returned false but did not log an error.
     1>Done Building Project "/workspace/src/Plugins/Umbraco.DocTypeBuilder.Tests/Umbraco.DocTypeBuilder.Tests.csproj" (VSTest target(s)) -- FAILED.

Build FAILED.
    0 Warning(s)
    0 Error(s)

Time Elapsed 00:00:02.44
